0 verbose cli /usr/local/bin/node /usr/local/bin/npm
1 info using npm@11.9.0
2 info using node@v24.14.0
3 silly config load:file:/usr/local/lib/node_modules/npm/npmrc
4 silly config load:file:/Users/jiazhengli/auto-scheduler/.npmrc
5 silly config load:file:/Users/jiazhengli/.npmrc
6 silly config load:file:/usr/local/etc/npmrc
7 verbose title npm install
8 verbose argv "install" "--cache" "./.npm_cache" "--prefer-offline" "--no-audit" "--no-fund" "--loglevel" "silent"
9 verbose logfile logs-max:10 dir:/Users/jiazhengli/auto-scheduler/.npm_cache/_logs/2026-03-01T08_30_53_107Z-
10 verbose logfile /Users/jiazhengli/auto-scheduler/.npm_cache/_logs/2026-03-01T08_30_53_107Z-debug-0.log
11 silly logfile done cleaning log files
12 silly packumentCache heap:2348810240 maxSize:587202560 maxEntrySize:293601280
13 silly idealTree buildDeps
14 silly fetch manifest react@^18.3.1
15 silly packumentCache full:https://registry.npmjs.org/react cache-miss
16 http cache https://registry.npmjs.org/react 10ms (cache hit)
17 silly packumentCache full:https://registry.npmjs.org/react set size:6523821 disposed:false
18 silly fetch manifest react-dom@^18.3.1
19 silly packumentCache full:https://registry.npmjs.org/react-dom cache-miss
20 http cache https://registry.npmjs.org/react-dom 11ms (cache hit)
21 silly packumentCache full:https://registry.npmjs.org/react-dom set size:8651400 disposed:false
22 silly fetch manifest @types/react@^18.3.12
23 silly packumentCache full:https://registry.npmjs.org/@types%2freact cache-miss
24 http cache https://registry.npmjs.org/@types%2freact 8ms (cache hit)
25 silly packumentCache full:https://registry.npmjs.org/@types%2freact set size:2588986 disposed:false
26 silly fetch manifest @types/react-dom@^18.3.1
27 silly packumentCache full:https://registry.npmjs.org/@types%2freact-dom cache-miss
28 http cache https://registry.npmjs.org/@types%2freact-dom 2ms (cache hit)
29 silly packumentCache full:https://registry.npmjs.org/@types%2freact-dom set size:429026 disposed:false
30 silly fetch manifest @vitejs/plugin-react@^4.3.3
31 silly packumentCache full:https://registry.npmjs.org/@vitejs%2fplugin-react cache-miss
32 http cache https://registry.npmjs.org/@vitejs%2fplugin-react 2ms (cache hit)
33 silly packumentCache full:https://registry.npmjs.org/@vitejs%2fplugin-react set size:251316 disposed:false
34 silly fetch manifest vite@^5.4.10
35 silly packumentCache full:https://registry.npmjs.org/vite cache-miss
36 http cache https://registry.npmjs.org/vite 35ms (cache hit)
37 silly packumentCache full:https://registry.npmjs.org/vite set size:38733997 disposed:false
38 silly fetch manifest @types/node@^18.0.0 || >=20.0.0
39 silly packumentCache full:https://registry.npmjs.org/@types%2fnode cache-miss
40 http cache https://registry.npmjs.org/@types%2fnode 16ms (cache hit)
41 silly packumentCache full:https://registry.npmjs.org/@types%2fnode set size:10900244 disposed:false
42 silly fetch manifest less@*
43 silly packumentCache full:https://registry.npmjs.org/less cache-miss
44 http cache https://registry.npmjs.org/less 2ms (cache hit)
45 silly packumentCache full:https://registry.npmjs.org/less set size:430648 disposed:false
46 silly fetch manifest lightningcss@^1.21.0
47 silly packumentCache full:https://registry.npmjs.org/lightningcss cache-miss
48 http cache https://registry.npmjs.org/lightningcss 1ms (cache hit)
49 silly packumentCache full:https://registry.npmjs.org/lightningcss set size:182441 disposed:false
50 silly fetch manifest sass@*
51 silly packumentCache full:https://registry.npmjs.org/sass cache-miss
52 http cache https://registry.npmjs.org/sass 2ms (cache hit)
53 silly packumentCache full:https://registry.npmjs.org/sass set size:722061 disposed:false
54 silly fetch manifest sass-embedded@*
55 silly packumentCache full:https://registry.npmjs.org/sass-embedded cache-miss
56 http cache https://registry.npmjs.org/sass-embedded 1ms (cache hit)
57 silly packumentCache full:https://registry.npmjs.org/sass-embedded set size:407397 disposed:false
58 silly fetch manifest stylus@*
59 silly packumentCache full:https://registry.npmjs.org/stylus cache-miss
60 http cache https://registry.npmjs.org/stylus 1ms (cache hit)
61 silly packumentCache full:https://registry.npmjs.org/stylus set size:286766 disposed:false
62 silly fetch manifest sugarss@*
63 silly packumentCache full:https://registry.npmjs.org/sugarss cache-miss
64 http cache https://registry.npmjs.org/sugarss 1ms (cache hit)
65 silly packumentCache full:https://registry.npmjs.org/sugarss set size:44975 disposed:false
66 silly fetch manifest postcss@^8.3.3
67 silly packumentCache full:https://registry.npmjs.org/postcss cache-miss
68 http cache https://registry.npmjs.org/postcss 2ms (cache hit)
69 silly packumentCache full:https://registry.npmjs.org/postcss set size:696248 disposed:false
70 silly fetch manifest terser@^5.4.0
71 silly packumentCache full:https://registry.npmjs.org/terser cache-miss
72 http cache https://registry.npmjs.org/terser 2ms (cache hit)
73 silly packumentCache full:https://registry.npmjs.org/terser set size:786629 disposed:false
74 silly fetch manifest typescript@^5.6.3
75 silly packumentCache full:https://registry.npmjs.org/typescript cache-miss
76 http cache https://registry.npmjs.org/typescript 16ms (cache hit)
77 silly packumentCache full:https://registry.npmjs.org/typescript set size:15302714 disposed:false
78 silly placeDep ROOT @types/react@18.3.28 OK for: auto-scheduler@0.0.0 want: ^18.3.12
79 silly placeDep ROOT @types/react-dom@18.3.7 OK for: auto-scheduler@0.0.0 want: ^18.3.1
80 silly placeDep ROOT @vitejs/plugin-react@4.7.0 OK for: auto-scheduler@0.0.0 want: ^4.3.3
81 silly placeDep ROOT vite@5.4.21 OK for: @vitejs/plugin-react@4.7.0 want: ^4.2.0 || ^5.0.0 || ^6.0.0 || ^7.0.0
82 silly placeDep ROOT react@18.3.1 OK for: auto-scheduler@0.0.0 want: ^18.3.1
83 silly placeDep ROOT react-dom@18.3.1 OK for: auto-scheduler@0.0.0 want: ^18.3.1
84 silly placeDep ROOT typescript@5.9.3 OK for: auto-scheduler@0.0.0 want: ^5.6.3
85 silly fetch manifest csstype@^3.2.2
86 silly packumentCache full:https://registry.npmjs.org/csstype cache-miss
87 silly fetch manifest @types/prop-types@*
88 silly packumentCache full:https://registry.npmjs.org/@types%2fprop-types cache-miss
89 silly fetch manifest @babel/core@^7.28.0
90 silly packumentCache full:https://registry.npmjs.org/@babel%2fcore cache-miss
91 silly fetch manifest react-refresh@^0.17.0
92 silly packumentCache full:https://registry.npmjs.org/react-refresh cache-miss
93 silly fetch manifest @types/babel__core@^7.20.5
94 silly packumentCache full:https://registry.npmjs.org/@types%2fbabel__core cache-miss
95 silly fetch manifest @rolldown/pluginutils@1.0.0-beta.27
96 silly packumentCache full:https://registry.npmjs.org/@rolldown%2fpluginutils cache-miss
97 silly fetch manifest @babel/plugin-transform-react-jsx-self@^7.27.1
98 silly packumentCache full:https://registry.npmjs.org/@babel%2fplugin-transform-react-jsx-self cache-miss
99 http cache https://registry.npmjs.org/@types%2fprop-types 2ms (cache hit)
100 silly packumentCache full:https://registry.npmjs.org/@types%2fprop-types set size:53942 disposed:false
101 silly fetch manifest @babel/plugin-transform-react-jsx-source@^7.27.1
102 silly packumentCache full:https://registry.npmjs.org/@babel%2fplugin-transform-react-jsx-source cache-miss
103 http cache https://registry.npmjs.org/csstype 3ms (cache hit)
104 silly packumentCache full:https://registry.npmjs.org/csstype set size:274189 disposed:false
105 silly fetch manifest rollup@^4.20.0
106 silly packumentCache full:https://registry.npmjs.org/rollup cache-miss
107 http cache https://registry.npmjs.org/@types%2fbabel__core 4ms (cache hit)
108 silly packumentCache full:https://registry.npmjs.org/@types%2fbabel__core set size:88676 disposed:false
109 silly fetch manifest esbuild@^0.21.3
110 silly packumentCache full:https://registry.npmjs.org/esbuild cache-miss
111 http cache https://registry.npmjs.org/@babel%2fcore 5ms (cache hit)
112 silly packumentCache full:https://registry.npmjs.org/@babel%2fcore set size:756140 disposed:false
113 silly fetch manifest postcss@^8.4.43
114 silly packumentCache full:https://registry.npmjs.org/postcss cache-hit
115 silly fetch manifest fsevents@~2.3.3
116 silly packumentCache full:https://registry.npmjs.org/fsevents cache-miss
117 http cache https://registry.npmjs.org/@rolldown%2fpluginutils 7ms (cache hit)
118 silly packumentCache full:https://registry.npmjs.org/@rolldown%2fpluginutils set size:261541 disposed:false
119 silly fetch manifest loose-envify@^1.1.0
120 silly packumentCache full:https://registry.npmjs.org/loose-envify cache-miss
121 http cache https://registry.npmjs.org/@babel%2fplugin-transform-react-jsx-self 9ms (cache hit)
122 silly packumentCache full:https://registry.npmjs.org/@babel%2fplugin-transform-react-jsx-self set size:198119 disposed:false
123 silly fetch manifest scheduler@^0.23.2
124 silly packumentCache full:https://registry.npmjs.org/scheduler cache-miss
125 http cache https://registry.npmjs.org/react-refresh 13ms (cache hit)
126 silly packumentCache full:https://registry.npmjs.org/react-refresh set size:6223048 disposed:false
127 silly fetch manifest loose-envify@^1.1.0
128 silly packumentCache full:https://registry.npmjs.org/loose-envify cache-miss
129 http cache https://registry.npmjs.org/loose-envify 21ms (cache hit)
130 silly packumentCache full:https://registry.npmjs.org/loose-envify set size:12559 disposed:false
131 http cache https://registry.npmjs.org/@babel%2fplugin-transform-react-jsx-source 27ms (cache hit)
132 silly packumentCache full:https://registry.npmjs.org/@babel%2fplugin-transform-react-jsx-source set size:203114 disposed:false
133 http cache https://registry.npmjs.org/fsevents 23ms (cache hit)
134 silly packumentCache full:https://registry.npmjs.org/fsevents set size:182472 disposed:false
135 http cache https://registry.npmjs.org/loose-envify 4ms (cache hit)
136 silly packumentCache full:https://registry.npmjs.org/loose-envify set size:12559 disposed:false
137 silly packumentCache full:https://registry.npmjs.org/loose-envify dispose
138 http cache https://registry.npmjs.org/rollup 31ms (cache hit)
139 silly packumentCache full:https://registry.npmjs.org/rollup set size:6122682 disposed:false
140 http cache https://registry.npmjs.org/esbuild 51ms (cache hit)
141 silly packumentCache full:https://registry.npmjs.org/esbuild set size:1242223 disposed:false
142 http cache https://registry.npmjs.org/scheduler 55ms (cache hit)
143 silly packumentCache full:https://registry.npmjs.org/scheduler set size:5415305 disposed:false
144 silly placeDep ROOT @types/prop-types@15.7.15 OK for: @types/react@18.3.28 want: *
145 silly placeDep ROOT csstype@3.2.3 OK for: @types/react@18.3.28 want: ^3.2.2
146 silly placeDep ROOT @babel/core@7.29.0 OK for: @vitejs/plugin-react@4.7.0 want: ^7.28.0
147 silly placeDep ROOT @babel/plugin-transform-react-jsx-self@7.27.1 OK for: @vitejs/plugin-react@4.7.0 want: ^7.27.1
148 silly placeDep ROOT @babel/plugin-transform-react-jsx-source@7.27.1 OK for: @vitejs/plugin-react@4.7.0 want: ^7.27.1
149 silly placeDep ROOT @rolldown/pluginutils@1.0.0-beta.27 OK for: @vitejs/plugin-react@4.7.0 want: 1.0.0-beta.27
150 silly placeDep ROOT @types/babel__core@7.20.5 OK for: @vitejs/plugin-react@4.7.0 want: ^7.20.5
151 silly placeDep ROOT react-refresh@0.17.0 OK for: @vitejs/plugin-react@4.7.0 want: ^0.17.0
152 silly fetch manifest debug@^4.1.0
153 silly packumentCache full:https://registry.npmjs.org/debug cache-miss
154 silly fetch manifest json5@^2.2.3
155 silly packumentCache full:https://registry.npmjs.org/json5 cache-miss
156 silly fetch manifest semver@^6.3.1
157 silly packumentCache full:https://registry.npmjs.org/semver cache-miss
158 silly fetch manifest gensync@^1.0.0-beta.2
159 silly packumentCache full:https://registry.npmjs.org/gensync cache-miss
160 silly fetch manifest @babel/types@^7.29.0
161 silly packumentCache full:https://registry.npmjs.org/@babel%2ftypes cache-miss
162 silly fetch manifest @babel/parser@^7.29.0
163 silly packumentCache full:https://registry.npmjs.org/@babel%2fparser cache-miss
164 silly fetch manifest @babel/helpers@^7.28.6
165 silly packumentCache full:https://registry.npmjs.org/@babel%2fhelpers cache-miss
166 http cache https://registry.npmjs.org/json5 3ms (cache hit)
167 silly packumentCache full:https://registry.npmjs.org/json5 set size:86136 disposed:false
168 silly fetch manifest @babel/template@^7.28.6
169 silly packumentCache full:https://registry.npmjs.org/@babel%2ftemplate cache-miss
170 http cache https://registry.npmjs.org/debug 5ms (cache hit)
171 silly packumentCache full:https://registry.npmjs.org/debug set size:195840 disposed:false
172 silly fetch manifest @babel/traverse@^7.29.0
173 silly packumentCache full:https://registry.npmjs.org/@babel%2ftraverse cache-miss
174 http cache https://registry.npmjs.org/@babel%2ftypes 6ms (cache hit)
175 silly packumentCache full:https://registry.npmjs.org/@babel%2ftypes set size:485839 disposed:false
176 silly fetch manifest @babel/generator@^7.29.0
177 silly packumentCache full:https://registry.npmjs.org/@babel%2fgenerator cache-miss
178 http cache https://registry.npmjs.org/@babel%2fparser 7ms (cache hit)
179 silly packumentCache full:https://registry.npmjs.org/@babel%2fparser set size:714217 disposed:false
180 silly fetch manifest @babel/code-frame@^7.29.0
181 silly packumentCache full:https://registry.npmjs.org/@babel%2fcode-frame cache-miss
182 http cache https://registry.npmjs.org/gensync 10ms (cache hit)
183 silly packumentCache full:https://registry.npmjs.org/gensync set size:15068 disposed:false
184 silly fetch manifest convert-source-map@^2.0.0
185 silly packumentCache full:https://registry.npmjs.org/convert-source-map cache-miss
186 http cache https://registry.npmjs.org/@babel%2fhelpers 10ms (cache hit)
187 silly packumentCache full:https://registry.npmjs.org/@babel%2fhelpers set size:384482 disposed:false
188 silly fetch manifest @jridgewell/remapping@^2.3.5
189 silly packumentCache full:https://registry.npmjs.org/@jridgewell%2fremapping cache-miss
190 http cache https://registry.npmjs.org/semver 11ms (cache hit)
191 silly packumentCache full:https://registry.npmjs.org/semver set size:229678 disposed:false
192 silly fetch manifest @babel/helper-module-transforms@^7.28.6
193 silly packumentCache full:https://registry.npmjs.org/@babel%2fhelper-module-transforms cache-miss
194 http cache https://registry.npmjs.org/@jridgewell%2fremapping 3ms (cache hit)
195 silly packumentCache full:https://registry.npmjs.org/@jridgewell%2fremapping set size:23809 disposed:false
196 silly fetch manifest @babel/helper-compilation-targets@^7.28.6
197 silly packumentCache full:https://registry.npmjs.org/@babel%2fhelper-compilation-targets cache-miss
198 http cache https://registry.npmjs.org/@babel%2fgenerator 8ms (cache hit)
199 silly packumentCache full:https://registry.npmjs.org/@babel%2fgenerator set size:504910 disposed:false
200 silly fetch manifest @babel/helper-plugin-utils@^7.27.1
201 silly packumentCache full:https://registry.npmjs.org/@babel%2fhelper-plugin-utils cache-miss
202 http cache https://registry.npmjs.org/convert-source-map 6ms (cache hit)
203 silly packumentCache full:https://registry.npmjs.org/convert-source-map set size:66997 disposed:false
204 silly fetch manifest @babel/helper-plugin-utils@^7.27.1
205 silly packumentCache full:https://registry.npmjs.org/@babel%2fhelper-plugin-utils cache-miss
206 http cache https://registry.npmjs.org/@babel%2fcode-frame 7ms (cache hit)
207 silly packumentCache full:https://registry.npmjs.org/@babel%2fcode-frame set size:194176 disposed:false
208 silly fetch manifest @babel/types@^7.20.7
209 silly packumentCache full:https://registry.npmjs.org/@babel%2ftypes cache-hit
210 silly fetch manifest @babel/parser@^7.20.7
211 silly packumentCache full:https://registry.npmjs.org/@babel%2fparser cache-hit
212 silly fetch manifest @types/babel__template@*
213 silly packumentCache full:https://registry.npmjs.org/@types%2fbabel__template cache-miss
214 http cache https://registry.npmjs.org/@babel%2ftraverse 13ms (cache hit)
215 silly packumentCache full:https://registry.npmjs.org/@babel%2ftraverse set size:546499 disposed:false
216 silly fetch manifest @types/babel__traverse@*
217 silly packumentCache full:https://registry.npmjs.org/@types%2fbabel__traverse cache-miss
218 http cache https://registry.npmjs.org/@babel%2ftemplate 15ms (cache hit)
219 silly packumentCache full:https://registry.npmjs.org/@babel%2ftemplate set size:225245 disposed:false
220 silly fetch manifest @types/babel__generator@*
221 silly packumentCache full:https://registry.npmjs.org/@types%2fbabel__generator cache-miss
222 http cache https://registry.npmjs.org/@babel%2fhelper-module-transforms 8ms (cache hit)
223 silly packumentCache full:https://registry.npmjs.org/@babel%2fhelper-module-transforms set size:331474 disposed:false
224 http cache https://registry.npmjs.org/@babel%2fhelper-compilation-targets 8ms (cache hit)
225 silly packumentCache full:https://registry.npmjs.org/@babel%2fhelper-compilation-targets set size:216684 disposed:false
226 http cache https://registry.npmjs.org/@babel%2fhelper-plugin-utils 7ms (cache hit)
227 silly packumentCache full:https://registry.npmjs.org/@babel%2fhelper-plugin-utils set size:162082 disposed:false
228 http cache https://registry.npmjs.org/@types%2fbabel__template 6ms (cache hit)
229 silly packumentCache full:https://registry.npmjs.org/@types%2fbabel__template set size:22631 disposed:false
230 http cache https://registry.npmjs.org/@types%2fbabel__traverse 5ms (cache hit)
231 silly packumentCache full:https://registry.npmjs.org/@types%2fbabel__traverse set size:107819 disposed:false
232 http cache https://registry.npmjs.org/@babel%2fhelper-plugin-utils 8ms (cache hit)
233 silly packumentCache full:https://registry.npmjs.org/@babel%2fhelper-plugin-utils set size:162082 disposed:false
234 silly packumentCache full:https://registry.npmjs.org/@babel%2fhelper-plugin-utils dispose
235 http cache https://registry.npmjs.org/@types%2fbabel__generator 5ms (cache hit)
236 silly packumentCache full:https://registry.npmjs.org/@types%2fbabel__generator set size:31587 disposed:false
237 silly fetch manifest @babel/core@^7.0.0
238 silly packumentCache full:https://registry.npmjs.org/@babel%2fcore cache-hit
239 silly placeDep ROOT @babel/code-frame@7.29.0 OK for: @babel/core@7.29.0 want: ^7.29.0
240 silly placeDep ROOT @babel/generator@7.29.1 OK for: @babel/core@7.29.0 want: ^7.29.0
241 silly placeDep ROOT @babel/helper-compilation-targets@7.28.6 OK for: @babel/core@7.29.0 want: ^7.28.6
242 silly placeDep ROOT @babel/helper-module-transforms@7.28.6 OK for: @babel/core@7.29.0 want: ^7.28.6
243 silly placeDep ROOT @babel/helpers@7.28.6 OK for: @babel/core@7.29.0 want: ^7.28.6
244 silly placeDep ROOT @babel/parser@7.29.0 OK for: @babel/core@7.29.0 want: ^7.29.0
245 silly placeDep ROOT @babel/template@7.28.6 OK for: @babel/core@7.29.0 want: ^7.28.6
246 silly placeDep ROOT @babel/traverse@7.29.0 OK for: @babel/core@7.29.0 want: ^7.29.0
247 silly placeDep ROOT @babel/types@7.29.0 OK for: @babel/core@7.29.0 want: ^7.29.0
248 silly placeDep ROOT @jridgewell/remapping@2.3.5 OK for: @babel/core@7.29.0 want: ^2.3.5
249 silly placeDep ROOT convert-source-map@2.0.0 OK for: @babel/core@7.29.0 want: ^2.0.0
250 silly placeDep ROOT debug@4.4.3 OK for: @babel/core@7.29.0 want: ^4.1.0
251 silly placeDep ROOT gensync@1.0.0-beta.2 OK for: @babel/core@7.29.0 want: ^1.0.0-beta.2
252 silly placeDep ROOT json5@2.2.3 OK for: @babel/core@7.29.0 want: ^2.2.3
253 silly placeDep ROOT semver@6.3.1 OK for: @babel/core@7.29.0 want: ^6.3.1
254 silly fetch manifest js-tokens@^4.0.0
255 silly packumentCache full:https://registry.npmjs.org/js-tokens cache-miss
256 silly fetch manifest picocolors@^1.1.1
257 silly packumentCache full:https://registry.npmjs.org/picocolors cache-miss
258 silly fetch manifest @babel/helper-validator-identifier@^7.28.5
259 silly packumentCache full:https://registry.npmjs.org/@babel%2fhelper-validator-identifier cache-miss
260 silly fetch manifest jsesc@^3.0.2
261 silly packumentCache full:https://registry.npmjs.org/jsesc cache-miss
262 silly fetch manifest @jridgewell/gen-mapping@^0.3.12
263 silly packumentCache full:https://registry.npmjs.org/@jridgewell%2fgen-mapping cache-miss
264 silly fetch manifest @jridgewell/trace-mapping@^0.3.28
265 silly packumentCache full:https://registry.npmjs.org/@jridgewell%2ftrace-mapping cache-miss
266 silly fetch manifest lru-cache@^5.1.1
267 silly packumentCache full:https://registry.npmjs.org/lru-cache cache-miss
268 http cache https://registry.npmjs.org/js-tokens 2ms (cache hit)
269 silly packumentCache full:https://registry.npmjs.org/js-tokens set size:41947 disposed:false
270 silly fetch manifest browserslist@^4.24.0
271 silly packumentCache full:https://registry.npmjs.org/browserslist cache-miss
272 http cache https://registry.npmjs.org/picocolors 3ms (cache hit)
273 silly packumentCache full:https://registry.npmjs.org/picocolors set size:16648 disposed:false
274 silly fetch manifest @babel/compat-data@^7.28.6
275 silly packumentCache full:https://registry.npmjs.org/@babel%2fcompat-data cache-miss
276 http cache https://registry.npmjs.org/@babel%2fhelper-validator-identifier 3ms (cache hit)
277 silly packumentCache full:https://registry.npmjs.org/@babel%2fhelper-validator-identifier set size:114475 disposed:false
278 silly fetch manifest @babel/helper-validator-option@^7.27.1
279 silly packumentCache full:https://registry.npmjs.org/@babel%2fhelper-validator-option cache-miss
280 http cache https://registry.npmjs.org/@jridgewell%2fgen-mapping 4ms (cache hit)
281 silly packumentCache full:https://registry.npmjs.org/@jridgewell%2fgen-mapping set size:80719 disposed:false
282 silly fetch manifest @babel/traverse@^7.28.6
283 silly packumentCache full:https://registry.npmjs.org/@babel%2ftraverse cache-hit
284 silly fetch manifest @babel/helper-module-imports@^7.28.6
285 silly packumentCache full:https://registry.npmjs.org/@babel%2fhelper-module-imports cache-miss
286 http cache https://registry.npmjs.org/jsesc 4ms (cache hit)
287 silly packumentCache full:https://registry.npmjs.org/jsesc set size:61512 disposed:false
288 silly fetch manifest @babel/types@^7.28.6
289 silly packumentCache full:https://registry.npmjs.org/@babel%2ftypes cache-hit
290 silly fetch manifest debug@^4.3.1
291 silly packumentCache full:https://registry.npmjs.org/debug cache-hit
292 silly fetch manifest @babel/helper-globals@^7.28.0
293 silly packumentCache full:https://registry.npmjs.org/@babel%2fhelper-globals cache-miss
294 http cache https://registry.npmjs.org/@jridgewell%2ftrace-mapping 5ms (cache hit)
295 silly packumentCache full:https://registry.npmjs.org/@jridgewell%2ftrace-mapping set size:170909 disposed:false
296 silly fetch manifest @babel/helper-string-parser@^7.27.1
297 silly packumentCache full:https://registry.npmjs.org/@babel%2fhelper-string-parser cache-miss
298 http cache https://registry.npmjs.org/lru-cache 5ms (cache hit)
299 silly packumentCache full:https://registry.npmjs.org/lru-cache set size:413591 disposed:false
300 silly fetch manifest @jridgewell/gen-mapping@^0.3.5
301 silly packumentCache full:https://registry.npmjs.org/@jridgewell%2fgen-mapping cache-hit
302 silly fetch manifest @jridgewell/trace-mapping@^0.3.24
303 silly packumentCache full:https://registry.npmjs.org/@jridgewell%2ftrace-mapping cache-hit
304 silly fetch manifest ms@^2.1.3
305 silly packumentCache full:https://registry.npmjs.org/ms cache-miss
306 http cache https://registry.npmjs.org/@babel%2fcompat-data 7ms (cache hit)
307 silly packumentCache full:https://registry.npmjs.org/@babel%2fcompat-data set size:303539 disposed:false
308 http cache https://registry.npmjs.org/@babel%2fhelper-validator-option 8ms (cache hit)
309 silly packumentCache full:https://registry.npmjs.org/@babel%2fhelper-validator-option set size:90529 disposed:false
310 http cache https://registry.npmjs.org/browserslist 8ms (cache hit)
311 silly packumentCache full:https://registry.npmjs.org/browserslist set size:502989 disposed:false
312 http cache https://registry.npmjs.org/@babel%2fhelper-module-imports 10ms (cache hit)
313 silly packumentCache full:https://registry.npmjs.org/@babel%2fhelper-module-imports set size:191525 disposed:false
314 http cache https://registry.npmjs.org/@babel%2fhelper-globals 10ms (cache hit)
315 silly packumentCache full:https://registry.npmjs.org/@babel%2fhelper-globals set size:13624 disposed:false
316 http cache https://registry.npmjs.org/@babel%2fhelper-string-parser 9ms (cache hit)
317 silly packumentCache full:https://registry.npmjs.org/@babel%2fhelper-string-parser set size:80211 disposed:false
318 http cache https://registry.npmjs.org/ms 7ms (cache hit)
319 silly packumentCache full:https://registry.npmjs.org/ms set size:92208 disposed:false
320 silly placeDep ROOT @babel/helper-validator-identifier@7.28.5 OK for: @babel/code-frame@7.29.0 want: ^7.28.5
321 silly placeDep ROOT js-tokens@4.0.0 OK for: @babel/code-frame@7.29.0 want: ^4.0.0
322 silly placeDep ROOT picocolors@1.1.1 OK for: @babel/code-frame@7.29.0 want: ^1.1.1
323 silly placeDep ROOT @jridgewell/gen-mapping@0.3.13 OK for: @babel/generator@7.29.1 want: ^0.3.12
324 silly placeDep ROOT @jridgewell/trace-mapping@0.3.31 OK for: @babel/generator@7.29.1 want: ^0.3.28
325 silly placeDep ROOT jsesc@3.1.0 OK for: @babel/generator@7.29.1 want: ^3.0.2
326 silly fetch manifest @jridgewell/sourcemap-codec@^1.5.0
327 silly packumentCache full:https://registry.npmjs.org/@jridgewell%2fsourcemap-codec cache-miss
328 silly fetch manifest @jridgewell/resolve-uri@^3.1.0
329 silly packumentCache full:https://registry.npmjs.org/@jridgewell%2fresolve-uri cache-miss
330 silly fetch manifest @jridgewell/sourcemap-codec@^1.4.14
331 silly packumentCache full:https://registry.npmjs.org/@jridgewell%2fsourcemap-codec cache-miss
332 http cache https://registry.npmjs.org/@jridgewell%2fsourcemap-codec 1ms (cache hit)
333 silly packumentCache full:https://registry.npmjs.org/@jridgewell%2fsourcemap-codec set size:59275 disposed:false
334 http cache https://registry.npmjs.org/@jridgewell%2fsourcemap-codec 2ms (cache hit)
335 silly packumentCache full:https://registry.npmjs.org/@jridgewell%2fsourcemap-codec set size:59275 disposed:false
336 silly packumentCache full:https://registry.npmjs.org/@jridgewell%2fsourcemap-codec dispose
337 http cache https://registry.npmjs.org/@jridgewell%2fresolve-uri 2ms (cache hit)
338 silly packumentCache full:https://registry.npmjs.org/@jridgewell%2fresolve-uri set size:57361 disposed:false
339 silly placeDep ROOT @babel/compat-data@7.29.0 OK for: @babel/helper-compilation-targets@7.28.6 want: ^7.28.6
340 silly placeDep ROOT @babel/helper-validator-option@7.27.1 OK for: @babel/helper-compilation-targets@7.28.6 want: ^7.27.1
341 silly placeDep ROOT browserslist@4.28.1 OK for: @babel/helper-compilation-targets@7.28.6 want: ^4.24.0
342 silly placeDep ROOT lru-cache@5.1.1 OK for: @babel/helper-compilation-targets@7.28.6 want: ^5.1.1
343 silly fetch manifest baseline-browser-mapping@^2.9.0
344 silly packumentCache full:https://registry.npmjs.org/baseline-browser-mapping cache-miss
345 silly fetch manifest caniuse-lite@^1.0.30001759
346 silly packumentCache full:https://registry.npmjs.org/caniuse-lite cache-miss
347 silly fetch manifest electron-to-chromium@^1.5.263
348 silly packumentCache full:https://registry.npmjs.org/electron-to-chromium cache-miss
349 silly fetch manifest node-releases@^2.0.27
350 silly packumentCache full:https://registry.npmjs.org/node-releases cache-miss
351 silly fetch manifest update-browserslist-db@^1.2.0
352 silly packumentCache full:https://registry.npmjs.org/update-browserslist-db cache-miss
353 silly fetch manifest yallist@^3.0.2
354 silly packumentCache full:https://registry.npmjs.org/yallist cache-miss
355 http cache https://registry.npmjs.org/update-browserslist-db 4ms (cache hit)
356 silly packumentCache full:https://registry.npmjs.org/update-browserslist-db set size:62000 disposed:false
357 http cache https://registry.npmjs.org/yallist 5ms (cache hit)
358 silly packumentCache full:https://registry.npmjs.org/yallist set size:34610 disposed:false
359 http cache https://registry.npmjs.org/caniuse-lite 10ms (cache hit)
360 silly packumentCache full:https://registry.npmjs.org/caniuse-lite set size:2260747 disposed:false
361 http cache https://registry.npmjs.org/electron-to-chromium 20ms (cache hit)
362 silly packumentCache full:https://registry.npmjs.org/electron-to-chromium set size:4719879 disposed:false
363 http cache https://registry.npmjs.org/baseline-browser-mapping 30ms (cache hit)
364 silly packumentCache full:https://registry.npmjs.org/baseline-browser-mapping set size:393828 disposed:false
365 http cache https://registry.npmjs.org/node-releases 31ms (cache hit)
366 silly packumentCache full:https://registry.npmjs.org/node-releases set size:269192 disposed:false
367 silly placeDep ROOT @babel/helper-module-imports@7.28.6 OK for: @babel/helper-module-transforms@7.28.6 want: ^7.28.6
368 silly placeDep ROOT @babel/helper-plugin-utils@7.28.6 OK for: @babel/plugin-transform-react-jsx-self@7.27.1 want: ^7.27.1
369 silly placeDep ROOT @babel/helper-globals@7.28.0 OK for: @babel/traverse@7.29.0 want: ^7.28.0
370 silly placeDep ROOT @babel/helper-string-parser@7.27.1 OK for: @babel/types@7.29.0 want: ^7.27.1
371 silly placeDep ROOT @jridgewell/sourcemap-codec@1.5.5 OK for: @jridgewell/gen-mapping@0.3.13 want: ^1.5.0
372 silly placeDep ROOT @jridgewell/resolve-uri@3.1.2 OK for: @jridgewell/trace-mapping@0.3.31 want: ^3.1.0
373 silly placeDep ROOT @types/babel__generator@7.27.0 OK for: @types/babel__core@7.20.5 want: *
374 silly placeDep ROOT @types/babel__template@7.4.4 OK for: @types/babel__core@7.20.5 want: *
375 silly placeDep ROOT @types/babel__traverse@7.28.0 OK for: @types/babel__core@7.20.5 want: *
376 silly fetch manifest browserslist@>= 4.21.0
377 silly packumentCache full:https://registry.npmjs.org/browserslist cache-hit
378 silly placeDep ROOT baseline-browser-mapping@2.10.0 OK for: browserslist@4.28.1 want: ^2.9.0
379 silly placeDep ROOT caniuse-lite@1.0.30001775 OK for: browserslist@4.28.1 want: ^1.0.30001759
380 silly placeDep ROOT electron-to-chromium@1.5.302 OK for: browserslist@4.28.1 want: ^1.5.263
381 silly placeDep ROOT node-releases@2.0.27 OK for: browserslist@4.28.1 want: ^2.0.27
382 silly placeDep ROOT update-browserslist-db@1.2.3 OK for: browserslist@4.28.1 want: ^1.2.0
383 silly fetch manifest escalade@^3.2.0
384 silly packumentCache full:https://registry.npmjs.org/escalade cache-miss
385 http cache https://registry.npmjs.org/escalade 4ms (cache hit)
386 silly packumentCache full:https://registry.npmjs.org/escalade set size:33724 disposed:false
387 silly placeDep ROOT ms@2.1.3 OK for: debug@4.4.3 want: ^2.1.3
388 silly placeDep ROOT yallist@3.1.1 OK for: lru-cache@5.1.1 want: ^3.0.2
389 silly placeDep ROOT loose-envify@1.4.0 OK for: react@18.3.1 want: ^1.1.0
390 silly placeDep ROOT scheduler@0.23.2 OK for: react-dom@18.3.1 want: ^0.23.2
391 silly placeDep ROOT escalade@3.2.0 OK for: update-browserslist-db@1.2.3 want: ^3.2.0
392 silly placeDep ROOT esbuild@0.21.5 OK for: vite@5.4.21 want: ^0.21.3
393 silly placeDep ROOT fsevents@2.3.3 OK for: vite@5.4.21 want: ~2.3.3
394 silly placeDep ROOT postcss@8.5.6 OK for: vite@5.4.21 want: ^8.4.43
395 silly placeDep ROOT rollup@4.59.0 OK for: vite@5.4.21 want: ^4.20.0
396 silly fetch manifest @esbuild/aix-ppc64@0.21.5
397 silly packumentCache full:https://registry.npmjs.org/@esbuild%2faix-ppc64 cache-miss
398 silly fetch manifest @esbuild/linux-arm@0.21.5
399 silly packumentCache full:https://registry.npmjs.org/@esbuild%2flinux-arm cache-miss
400 silly fetch manifest @esbuild/linux-x64@0.21.5
401 silly packumentCache full:https://registry.npmjs.org/@esbuild%2flinux-x64 cache-miss
402 silly fetch manifest @esbuild/sunos-x64@0.21.5
403 silly packumentCache full:https://registry.npmjs.org/@esbuild%2fsunos-x64 cache-miss
404 silly fetch manifest @esbuild/win32-x64@0.21.5
405 silly packumentCache full:https://registry.npmjs.org/@esbuild%2fwin32-x64 cache-miss
406 silly fetch manifest @esbuild/darwin-x64@0.21.5
407 silly packumentCache full:https://registry.npmjs.org/@esbuild%2fdarwin-x64 cache-miss
408 silly fetch manifest @esbuild/linux-ia32@0.21.5
409 silly packumentCache full:https://registry.npmjs.org/@esbuild%2flinux-ia32 cache-miss
410 http cache https://registry.npmjs.org/@esbuild%2fsunos-x64 2ms (cache hit)
411 silly packumentCache full:https://registry.npmjs.org/@esbuild%2fsunos-x64 set size:187474 disposed:false
412 silly fetch manifest @esbuild/netbsd-x64@0.21.5
413 silly packumentCache full:https://registry.npmjs.org/@esbuild%2fnetbsd-x64 cache-miss
414 http cache https://registry.npmjs.org/@esbuild%2flinux-x64 3ms (cache hit)
415 silly packumentCache full:https://registry.npmjs.org/@esbuild%2flinux-x64 set size:187244 disposed:false
416 silly fetch manifest @esbuild/win32-ia32@0.21.5
417 silly packumentCache full:https://registry.npmjs.org/@esbuild%2fwin32-ia32 cache-miss
418 http cache https://registry.npmjs.org/@esbuild%2flinux-arm 4ms (cache hit)
419 silly packumentCache full:https://registry.npmjs.org/@esbuild%2flinux-arm set size:186917 disposed:false
420 silly fetch manifest @esbuild/android-arm@0.21.5
421 silly packumentCache full:https://registry.npmjs.org/@esbuild%2fandroid-arm cache-miss
422 http cache https://registry.npmjs.org/@esbuild%2fwin32-x64 5ms (cache hit)
423 silly packumentCache full:https://registry.npmjs.org/@esbuild%2fwin32-x64 set size:187476 disposed:false
424 silly fetch manifest @esbuild/android-x64@0.21.5
425 silly packumentCache full:https://registry.npmjs.org/@esbuild%2fandroid-x64 cache-miss
426 http cache https://registry.npmjs.org/@esbuild%2fdarwin-x64 5ms (cache hit)
427 silly packumentCache full:https://registry.npmjs.org/@esbuild%2fdarwin-x64 set size:187924 disposed:false
428 silly fetch manifest @esbuild/freebsd-x64@0.21.5
429 silly packumentCache full:https://registry.npmjs.org/@esbuild%2ffreebsd-x64 cache-miss
430 http cache https://registry.npmjs.org/@esbuild%2faix-ppc64 6ms (cache hit)
431 silly packumentCache full:https://registry.npmjs.org/@esbuild%2faix-ppc64 set size:56029 disposed:false
432 silly fetch manifest @esbuild/linux-arm64@0.21.5
433 silly packumentCache full:https://registry.npmjs.org/@esbuild%2flinux-arm64 cache-miss
434 http cache https://registry.npmjs.org/@esbuild%2flinux-ia32 7ms (cache hit)
435 silly packumentCache full:https://registry.npmjs.org/@esbuild%2flinux-ia32 set size:187877 disposed:false
436 silly fetch manifest @esbuild/linux-ppc64@0.21.5
437 silly packumentCache full:https://registry.npmjs.org/@esbuild%2flinux-ppc64 cache-miss
438 http cache https://registry.npmjs.org/@esbuild%2fandroid-x64 3ms (cache hit)
439 silly packumentCache full:https://registry.npmjs.org/@esbuild%2fandroid-x64 set size:187307 disposed:false
440 silly fetch manifest @esbuild/linux-s390x@0.21.5
441 silly packumentCache full:https://registry.npmjs.org/@esbuild%2flinux-s390x cache-miss
442 http cache https://registry.npmjs.org/@esbuild%2fandroid-arm 5ms (cache hit)
443 silly packumentCache full:https://registry.npmjs.org/@esbuild%2fandroid-arm set size:213504 disposed:false
444 silly fetch manifest @esbuild/openbsd-x64@0.21.5
445 silly packumentCache full:https://registry.npmjs.org/@esbuild%2fopenbsd-x64 cache-miss
446 http cache https://registry.npmjs.org/@esbuild%2flinux-arm64 4ms (cache hit)
447 silly packumentCache full:https://registry.npmjs.org/@esbuild%2flinux-arm64 set size:188948 disposed:false
448 silly fetch manifest @esbuild/win32-arm64@0.21.5
449 silly packumentCache full:https://registry.npmjs.org/@esbuild%2fwin32-arm64 cache-miss
450 http cache https://registry.npmjs.org/@esbuild%2fnetbsd-x64 7ms (cache hit)
451 silly packumentCache full:https://registry.npmjs.org/@esbuild%2fnetbsd-x64 set size:185730 disposed:false
452 silly fetch manifest @esbuild/darwin-arm64@0.21.5
453 silly packumentCache full:https://registry.npmjs.org/@esbuild%2fdarwin-arm64 cache-miss
454 http cache https://registry.npmjs.org/@esbuild%2ffreebsd-x64 5ms (cache hit)
455 silly packumentCache full:https://registry.npmjs.org/@esbuild%2ffreebsd-x64 set size:188756 disposed:false
456 silly fetch manifest @esbuild/android-arm64@0.21.5
457 silly packumentCache full:https://registry.npmjs.org/@esbuild%2fandroid-arm64 cache-miss
458 http cache https://registry.npmjs.org/@esbuild%2fwin32-ia32 8ms (cache hit)
459 silly packumentCache full:https://registry.npmjs.org/@esbuild%2fwin32-ia32 set size:188094 disposed:false
460 silly fetch manifest @esbuild/freebsd-arm64@0.21.5
461 silly packumentCache full:https://registry.npmjs.org/@esbuild%2ffreebsd-arm64 cache-miss
462 http cache https://registry.npmjs.org/@esbuild%2flinux-ppc64 6ms (cache hit)
463 silly packumentCache full:https://registry.npmjs.org/@esbuild%2flinux-ppc64 set size:190895 disposed:false
464 silly fetch manifest @esbuild/linux-loong64@0.21.5
465 silly packumentCache full:https://registry.npmjs.org/@esbuild%2flinux-loong64 cache-miss
466 http cache https://registry.npmjs.org/@esbuild%2flinux-s390x 5ms (cache hit)
467 silly packumentCache full:https://registry.npmjs.org/@esbuild%2flinux-s390x set size:190391 disposed:false
468 silly fetch manifest @esbuild/linux-riscv64@0.21.5
469 silly packumentCache full:https://registry.npmjs.org/@esbuild%2flinux-riscv64 cache-miss
470 http cache https://registry.npmjs.org/@esbuild%2fopenbsd-x64 5ms (cache hit)
471 silly packumentCache full:https://registry.npmjs.org/@esbuild%2fopenbsd-x64 set size:188762 disposed:false
472 silly fetch manifest @esbuild/linux-mips64el@0.21.5
473 silly packumentCache full:https://registry.npmjs.org/@esbuild%2flinux-mips64el cache-miss
474 http cache https://registry.npmjs.org/@esbuild%2fwin32-arm64 6ms (cache hit)
475 silly packumentCache full:https://registry.npmjs.org/@esbuild%2fwin32-arm64 set size:189169 disposed:false
476 silly fetch manifest nanoid@^3.3.11
477 silly packumentCache full:https://registry.npmjs.org/nanoid cache-miss
478 http cache https://registry.npmjs.org/@esbuild%2fdarwin-arm64 5ms (cache hit)
479 silly packumentCache full:https://registry.npmjs.org/@esbuild%2fdarwin-arm64 set size:189596 disposed:false
480 silly fetch manifest source-map-js@^1.2.1
481 silly packumentCache full:https://registry.npmjs.org/source-map-js cache-miss
482 http cache https://registry.npmjs.org/@esbuild%2ffreebsd-arm64 5ms (cache hit)
483 silly packumentCache full:https://registry.npmjs.org/@esbuild%2ffreebsd-arm64 set size:190447 disposed:false
484 silly fetch manifest @types/estree@1.0.8
485 silly packumentCache full:https://registry.npmjs.org/@types%2festree cache-miss
486 http cache https://registry.npmjs.org/@esbuild%2fandroid-arm64 6ms (cache hit)
487 silly packumentCache full:https://registry.npmjs.org/@esbuild%2fandroid-arm64 set size:192279 disposed:false
488 silly fetch manifest @rollup/rollup-darwin-arm64@4.59.0
489 silly packumentCache full:https://registry.npmjs.org/@rollup%2frollup-darwin-arm64 cache-miss
490 http cache https://registry.npmjs.org/@esbuild%2flinux-loong64 6ms (cache hit)
491 silly packumentCache full:https://registry.npmjs.org/@esbuild%2flinux-loong64 set size:243782 disposed:false
492 silly fetch manifest @rollup/rollup-android-arm64@4.59.0
493 silly packumentCache full:https://registry.npmjs.org/@rollup%2frollup-android-arm64 cache-miss
494 http cache https://registry.npmjs.org/@types%2festree 4ms (cache hit)
495 silly packumentCache full:https://registry.npmjs.org/@types%2festree set size:74091 disposed:false
496 silly fetch manifest @rollup/rollup-win32-arm64-msvc@4.59.0
497 silly packumentCache full:https://registry.npmjs.org/@rollup%2frollup-win32-arm64-msvc cache-miss
498 http cache https://registry.npmjs.org/@esbuild%2flinux-mips64el 5ms (cache hit)
499 silly packumentCache full:https://registry.npmjs.org/@esbuild%2flinux-mips64el set size:192558 disposed:false
500 silly fetch manifest @rollup/rollup-freebsd-arm64@4.59.0
501 silly packumentCache full:https://registry.npmjs.org/@rollup%2frollup-freebsd-arm64 cache-miss
502 http cache https://registry.npmjs.org/source-map-js 5ms (cache hit)
503 silly packumentCache full:https://registry.npmjs.org/source-map-js set size:62640 disposed:false
504 silly fetch manifest @rollup/rollup-linux-arm64-gnu@4.59.0
505 silly packumentCache full:https://registry.npmjs.org/@rollup%2frollup-linux-arm64-gnu cache-miss
506 http cache https://registry.npmjs.org/@rollup%2frollup-darwin-arm64 5ms (cache hit)
507 silly packumentCache full:https://registry.npmjs.org/@rollup%2frollup-darwin-arm64 set size:326593 disposed:false
508 silly fetch manifest @rollup/rollup-linux-arm64-musl@4.59.0
509 silly packumentCache full:https://registry.npmjs.org/@rollup%2frollup-linux-arm64-musl cache-miss
510 http cache https://registry.npmjs.org/@esbuild%2flinux-riscv64 9ms (cache hit)
511 silly packumentCache full:https://registry.npmjs.org/@esbuild%2flinux-riscv64 set size:190569 disposed:false
512 silly fetch manifest @rollup/rollup-android-arm-eabi@4.59.0
513 silly packumentCache full:https://registry.npmjs.org/@rollup%2frollup-android-arm-eabi cache-miss
514 http cache https://registry.npmjs.org/nanoid 17ms (cache hit)
515 silly packumentCache full:https://registry.npmjs.org/nanoid set size:298419 disposed:false
516 silly fetch manifest @rollup/rollup-linux-arm-gnueabihf@4.59.0
517 silly packumentCache full:https://registry.npmjs.org/@rollup%2frollup-linux-arm-gnueabihf cache-miss
518 http cache https://registry.npmjs.org/@rollup%2frollup-android-arm64 17ms (cache hit)
519 silly packumentCache full:https://registry.npmjs.org/@rollup%2frollup-android-arm64 set size:328041 disposed:false
520 silly fetch manifest @rollup/rollup-linux-arm-musleabihf@4.59.0
521 silly packumentCache full:https://registry.npmjs.org/@rollup%2frollup-linux-arm-musleabihf cache-miss
522 http cache https://registry.npmjs.org/@rollup%2frollup-freebsd-arm64 17ms (cache hit)
523 silly packumentCache full:https://registry.npmjs.org/@rollup%2frollup-freebsd-arm64 set size:176248 disposed:false
524 silly fetch manifest @rollup/rollup-win32-ia32-msvc@4.59.0
525 silly packumentCache full:https://registry.npmjs.org/@rollup%2frollup-win32-ia32-msvc cache-miss
526 http cache https://registry.npmjs.org/@rollup%2frollup-linux-arm64-musl 18ms (cache hit)
527 silly packumentCache full:https://registry.npmjs.org/@rollup%2frollup-linux-arm64-musl set size:288863 disposed:false
528 silly fetch manifest @rollup/rollup-linux-loong64-gnu@4.59.0
529 silly packumentCache full:https://registry.npmjs.org/@rollup%2frollup-linux-loong64-gnu cache-miss
530 http cache https://registry.npmjs.org/@rollup%2frollup-win32-arm64-msvc 21ms (cache hit)
531 silly packumentCache full:https://registry.npmjs.org/@rollup%2frollup-win32-arm64-msvc set size:331325 disposed:false
532 silly fetch manifest @rollup/rollup-linux-loong64-musl@4.59.0
533 silly packumentCache full:https://registry.npmjs.org/@rollup%2frollup-linux-loong64-musl cache-miss
534 http cache https://registry.npmjs.org/@rollup%2frollup-android-arm-eabi 19ms (cache hit)
535 silly packumentCache full:https://registry.npmjs.org/@rollup%2frollup-android-arm-eabi set size:331331 disposed:false
536 silly fetch manifest @rollup/rollup-linux-riscv64-gnu@4.59.0
537 silly packumentCache full:https://registry.npmjs.org/@rollup%2frollup-linux-riscv64-gnu cache-miss
538 http fetch GET 200 https://registry.npmjs.org/@rollup%2frollup-linux-loong64-musl 1368ms (cache miss)
539 silly packumentCache full:https://registry.npmjs.org/@rollup%2frollup-linux-loong64-musl set size:undefined disposed:false
540 silly fetch manifest @rollup/rollup-linux-riscv64-musl@4.59.0
541 silly packumentCache full:https://registry.npmjs.org/@rollup%2frollup-linux-riscv64-musl cache-miss
542 http fetch GET 200 https://registry.npmjs.org/@rollup%2frollup-linux-loong64-gnu 1401ms (cache miss)
543 silly packumentCache full:https://registry.npmjs.org/@rollup%2frollup-linux-loong64-gnu set size:undefined disposed:false
544 silly fetch manifest @rollup/rollup-linux-ppc64-gnu@4.59.0
545 silly packumentCache full:https://registry.npmjs.org/@rollup%2frollup-linux-ppc64-gnu cache-miss
546 http fetch GET 200 https://registry.npmjs.org/@rollup%2frollup-linux-arm-musleabihf 1869ms (cache miss)
547 silly packumentCache full:https://registry.npmjs.org/@rollup%2frollup-linux-arm-musleabihf set size:undefined disposed:false
548 silly fetch manifest @rollup/rollup-linux-ppc64-musl@4.59.0
549 silly packumentCache full:https://registry.npmjs.org/@rollup%2frollup-linux-ppc64-musl cache-miss
550 http fetch GET 200 https://registry.npmjs.org/@rollup%2frollup-linux-ppc64-gnu 477ms (cache miss)
551 silly packumentCache full:https://registry.npmjs.org/@rollup%2frollup-linux-ppc64-gnu set size:undefined disposed:false
552 silly fetch manifest @rollup/rollup-linux-s390x-gnu@4.59.0
553 silly packumentCache full:https://registry.npmjs.org/@rollup%2frollup-linux-s390x-gnu cache-miss
554 http fetch GET 200 https://registry.npmjs.org/@rollup%2frollup-linux-riscv64-musl 508ms (cache miss)
555 silly packumentCache full:https://registry.npmjs.org/@rollup%2frollup-linux-riscv64-musl set size:undefined disposed:false
556 silly fetch manifest @rollup/rollup-darwin-x64@4.59.0
557 silly packumentCache full:https://registry.npmjs.org/@rollup%2frollup-darwin-x64 cache-miss
558 http fetch GET 200 https://registry.npmjs.org/@rollup%2frollup-linux-riscv64-gnu 1929ms (cache miss)
559 silly packumentCache full:https://registry.npmjs.org/@rollup%2frollup-linux-riscv64-gnu set size:undefined disposed:false
560 silly fetch manifest @rollup/rollup-win32-x64-gnu@4.59.0
561 silly packumentCache full:https://registry.npmjs.org/@rollup%2frollup-win32-x64-gnu cache-miss
562 http fetch GET 200 https://registry.npmjs.org/@rollup%2frollup-linux-arm64-gnu 2002ms (cache miss)
563 silly packumentCache full:https://registry.npmjs.org/@rollup%2frollup-linux-arm64-gnu set size:undefined disposed:false
564 silly fetch manifest @rollup/rollup-win32-x64-msvc@4.59.0
565 silly packumentCache full:https://registry.npmjs.org/@rollup%2frollup-win32-x64-msvc cache-miss
566 http fetch GET 200 https://registry.npmjs.org/@rollup%2frollup-win32-ia32-msvc 1988ms (cache miss)
567 silly packumentCache full:https://registry.npmjs.org/@rollup%2frollup-win32-ia32-msvc set size:undefined disposed:false
568 silly fetch manifest @rollup/rollup-freebsd-x64@4.59.0
569 silly packumentCache full:https://registry.npmjs.org/@rollup%2frollup-freebsd-x64 cache-miss
570 http fetch GET 200 https://registry.npmjs.org/@rollup%2frollup-linux-arm-gnueabihf 2008ms (cache miss)
571 silly packumentCache full:https://registry.npmjs.org/@rollup%2frollup-linux-arm-gnueabihf set size:undefined disposed:false
572 silly fetch manifest @rollup/rollup-linux-x64-gnu@4.59.0
573 silly packumentCache full:https://registry.npmjs.org/@rollup%2frollup-linux-x64-gnu cache-miss
574 http fetch GET 200 https://registry.npmjs.org/@rollup%2frollup-linux-ppc64-musl 365ms (cache miss)
575 silly packumentCache full:https://registry.npmjs.org/@rollup%2frollup-linux-ppc64-musl set size:undefined disposed:false
576 silly fetch manifest @rollup/rollup-linux-x64-musl@4.59.0
577 silly packumentCache full:https://registry.npmjs.org/@rollup%2frollup-linux-x64-musl cache-miss
578 http fetch GET 200 https://registry.npmjs.org/@rollup%2frollup-win32-x64-gnu 420ms (cache miss)
579 silly packumentCache full:https://registry.npmjs.org/@rollup%2frollup-win32-x64-gnu set size:undefined disposed:false
580 silly fetch manifest @rollup/rollup-openbsd-x64@4.59.0
581 silly packumentCache full:https://registry.npmjs.org/@rollup%2frollup-openbsd-x64 cache-miss
582 http fetch GET 200 https://registry.npmjs.org/@rollup%2frollup-freebsd-x64 495ms (cache miss)
583 silly packumentCache full:https://registry.npmjs.org/@rollup%2frollup-freebsd-x64 set size:undefined disposed:false
584 silly fetch manifest @rollup/rollup-openharmony-arm64@4.59.0
585 silly packumentCache full:https://registry.npmjs.org/@rollup%2frollup-openharmony-arm64 cache-miss
586 http fetch GET 200 https://registry.npmjs.org/@rollup%2frollup-win32-x64-msvc 607ms (cache miss)
587 silly packumentCache full:https://registry.npmjs.org/@rollup%2frollup-win32-x64-msvc set size:undefined disposed:false
588 http fetch GET 200 https://registry.npmjs.org/@rollup%2frollup-linux-s390x-gnu 721ms (cache miss)
589 silly packumentCache full:https://registry.npmjs.org/@rollup%2frollup-linux-s390x-gnu set size:undefined disposed:false
590 http fetch GET 200 https://registry.npmjs.org/@rollup%2frollup-linux-x64-gnu 619ms (cache miss)
591 silly packumentCache full:https://registry.npmjs.org/@rollup%2frollup-linux-x64-gnu set size:undefined disposed:false
592 http fetch GET 200 https://registry.npmjs.org/@rollup%2frollup-openbsd-x64 387ms (cache miss)
593 silly packumentCache full:https://registry.npmjs.org/@rollup%2frollup-openbsd-x64 set size:undefined disposed:false
594 http fetch GET 200 https://registry.npmjs.org/@rollup%2frollup-darwin-x64 867ms (cache miss)
595 silly packumentCache full:https://registry.npmjs.org/@rollup%2frollup-darwin-x64 set size:undefined disposed:false
596 http fetch GET 200 https://registry.npmjs.org/@rollup%2frollup-openharmony-arm64 398ms (cache miss)
597 silly packumentCache full:https://registry.npmjs.org/@rollup%2frollup-openharmony-arm64 set size:undefined disposed:false
598 http fetch GET 200 https://registry.npmjs.org/@rollup%2frollup-linux-x64-musl 706ms (cache miss)
599 silly packumentCache full:https://registry.npmjs.org/@rollup%2frollup-linux-x64-musl set size:undefined disposed:false
600 silly placeDep ROOT @esbuild/aix-ppc64@0.21.5 OK for: esbuild@0.21.5 want: 0.21.5
601 silly placeDep ROOT @esbuild/android-arm@0.21.5 OK for: esbuild@0.21.5 want: 0.21.5
602 silly placeDep ROOT @esbuild/android-arm64@0.21.5 OK for: esbuild@0.21.5 want: 0.21.5
603 silly placeDep ROOT @esbuild/android-x64@0.21.5 OK for: esbuild@0.21.5 want: 0.21.5
604 silly placeDep ROOT @esbuild/darwin-arm64@0.21.5 OK for: esbuild@0.21.5 want: 0.21.5
605 silly placeDep ROOT @esbuild/darwin-x64@0.21.5 OK for: esbuild@0.21.5 want: 0.21.5
606 silly placeDep ROOT @esbuild/freebsd-arm64@0.21.5 OK for: esbuild@0.21.5 want: 0.21.5
607 silly placeDep ROOT @esbuild/freebsd-x64@0.21.5 OK for: esbuild@0.21.5 want: 0.21.5
608 silly placeDep ROOT @esbuild/linux-arm@0.21.5 OK for: esbuild@0.21.5 want: 0.21.5
609 silly placeDep ROOT @esbuild/linux-arm64@0.21.5 OK for: esbuild@0.21.5 want: 0.21.5
610 silly placeDep ROOT @esbuild/linux-ia32@0.21.5 OK for: esbuild@0.21.5 want: 0.21.5
611 silly placeDep ROOT @esbuild/linux-loong64@0.21.5 OK for: esbuild@0.21.5 want: 0.21.5
612 silly placeDep ROOT @esbuild/linux-mips64el@0.21.5 OK for: esbuild@0.21.5 want: 0.21.5
613 silly placeDep ROOT @esbuild/linux-ppc64@0.21.5 OK for: esbuild@0.21.5 want: 0.21.5
614 silly placeDep ROOT @esbuild/linux-riscv64@0.21.5 OK for: esbuild@0.21.5 want: 0.21.5
615 silly placeDep ROOT @esbuild/linux-s390x@0.21.5 OK for: esbuild@0.21.5 want: 0.21.5
616 silly placeDep ROOT @esbuild/linux-x64@0.21.5 OK for: esbuild@0.21.5 want: 0.21.5
617 silly placeDep ROOT @esbuild/netbsd-x64@0.21.5 OK for: esbuild@0.21.5 want: 0.21.5
618 silly placeDep ROOT @esbuild/openbsd-x64@0.21.5 OK for: esbuild@0.21.5 want: 0.21.5
619 silly placeDep ROOT @esbuild/sunos-x64@0.21.5 OK for: esbuild@0.21.5 want: 0.21.5
620 silly placeDep ROOT @esbuild/win32-arm64@0.21.5 OK for: esbuild@0.21.5 want: 0.21.5
621 silly placeDep ROOT @esbuild/win32-ia32@0.21.5 OK for: esbuild@0.21.5 want: 0.21.5
622 silly placeDep ROOT @esbuild/win32-x64@0.21.5 OK for: esbuild@0.21.5 want: 0.21.5
623 silly placeDep ROOT nanoid@3.3.11 OK for: postcss@8.5.6 want: ^3.3.11
624 silly placeDep ROOT source-map-js@1.2.1 OK for: postcss@8.5.6 want: ^1.2.1
625 silly placeDep ROOT @rollup/rollup-android-arm-eabi@4.59.0 OK for: rollup@4.59.0 want: 4.59.0
626 silly placeDep ROOT @rollup/rollup-android-arm64@4.59.0 OK for: rollup@4.59.0 want: 4.59.0
627 silly placeDep ROOT @rollup/rollup-darwin-arm64@4.59.0 OK for: rollup@4.59.0 want: 4.59.0
628 silly placeDep ROOT @rollup/rollup-darwin-x64@4.59.0 OK for: rollup@4.59.0 want: 4.59.0
629 silly placeDep ROOT @rollup/rollup-freebsd-arm64@4.59.0 OK for: rollup@4.59.0 want: 4.59.0
630 silly placeDep ROOT @rollup/rollup-freebsd-x64@4.59.0 OK for: rollup@4.59.0 want: 4.59.0
631 silly placeDep ROOT @rollup/rollup-linux-arm-gnueabihf@4.59.0 OK for: rollup@4.59.0 want: 4.59.0
632 silly placeDep ROOT @rollup/rollup-linux-arm-musleabihf@4.59.0 OK for: rollup@4.59.0 want: 4.59.0
633 silly placeDep ROOT @rollup/rollup-linux-arm64-gnu@4.59.0 OK for: rollup@4.59.0 want: 4.59.0
634 silly placeDep ROOT @rollup/rollup-linux-arm64-musl@4.59.0 OK for: rollup@4.59.0 want: 4.59.0
635 silly placeDep ROOT @rollup/rollup-linux-loong64-gnu@4.59.0 OK for: rollup@4.59.0 want: 4.59.0
636 silly placeDep ROOT @rollup/rollup-linux-loong64-musl@4.59.0 OK for: rollup@4.59.0 want: 4.59.0
637 silly placeDep ROOT @rollup/rollup-linux-ppc64-gnu@4.59.0 OK for: rollup@4.59.0 want: 4.59.0
638 silly placeDep ROOT @rollup/rollup-linux-ppc64-musl@4.59.0 OK for: rollup@4.59.0 want: 4.59.0
639 silly placeDep ROOT @rollup/rollup-linux-riscv64-gnu@4.59.0 OK for: rollup@4.59.0 want: 4.59.0
640 silly placeDep ROOT @rollup/rollup-linux-riscv64-musl@4.59.0 OK for: rollup@4.59.0 want: 4.59.0
641 silly placeDep ROOT @rollup/rollup-linux-s390x-gnu@4.59.0 OK for: rollup@4.59.0 want: 4.59.0
642 silly placeDep ROOT @rollup/rollup-linux-x64-gnu@4.59.0 OK for: rollup@4.59.0 want: 4.59.0
643 silly placeDep ROOT @rollup/rollup-linux-x64-musl@4.59.0 OK for: rollup@4.59.0 want: 4.59.0
644 silly placeDep ROOT @rollup/rollup-openbsd-x64@4.59.0 OK for: rollup@4.59.0 want: 4.59.0
645 silly placeDep ROOT @rollup/rollup-openharmony-arm64@4.59.0 OK for: rollup@4.59.0 want: 4.59.0
646 silly placeDep ROOT @rollup/rollup-win32-arm64-msvc@4.59.0 OK for: rollup@4.59.0 want: 4.59.0
647 silly placeDep ROOT @rollup/rollup-win32-ia32-msvc@4.59.0 OK for: rollup@4.59.0 want: 4.59.0
648 silly placeDep ROOT @rollup/rollup-win32-x64-gnu@4.59.0 OK for: rollup@4.59.0 want: 4.59.0
649 silly placeDep ROOT @rollup/rollup-win32-x64-msvc@4.59.0 OK for: rollup@4.59.0 want: 4.59.0
650 silly placeDep ROOT @types/estree@1.0.8 OK for: rollup@4.59.0 want: 1.0.8
651 silly reify moves {}
652 http cache @types/estree@https://registry.npmjs.org/@types/estree/-/estree-1.0.8.tgz 0ms (cache hit)
653 http cache source-map-js@https://registry.npmjs.org/source-map-js/-/source-map-js-1.2.1.tgz 0ms (cache hit)
654 http cache @rollup/rollup-darwin-arm64@https://registry.npmjs.org/@rollup/rollup-darwin-arm64/-/rollup-darwin-arm64-4.59.0.tgz 0ms (cache hit)
655 http cache nanoid@https://registry.npmjs.org/nanoid/-/nanoid-3.3.11.tgz 0ms (cache hit)
656 http cache rollup@https://registry.npmjs.org/rollup/-/rollup-4.59.0.tgz 0ms (cache hit)
657 http cache @esbuild/darwin-arm64@https://registry.npmjs.org/@esbuild/darwin-arm64/-/darwin-arm64-0.21.5.tgz 0ms (cache hit)
658 http cache esbuild@https://registry.npmjs.org/esbuild/-/esbuild-0.21.5.tgz 0ms (cache hit)
659 http cache fsevents@https://registry.npmjs.org/fsevents/-/fsevents-2.3.3.tgz 0ms (cache hit)
660 http cache postcss@https://registry.npmjs.org/postcss/-/postcss-8.5.6.tgz 0ms (cache hit)
661 http cache scheduler@https://registry.npmjs.org/scheduler/-/scheduler-0.23.2.tgz 0ms (cache hit)
662 http cache escalade@https://registry.npmjs.org/escalade/-/escalade-3.2.0.tgz 0ms (cache hit)
663 http cache loose-envify@https://registry.npmjs.org/loose-envify/-/loose-envify-1.4.0.tgz 0ms (cache hit)
664 http cache yallist@https://registry.npmjs.org/yallist/-/yallist-3.1.1.tgz 0ms (cache hit)
665 http cache ms@https://registry.npmjs.org/ms/-/ms-2.1.3.tgz 0ms (cache hit)
666 http cache update-browserslist-db@https://registry.npmjs.org/update-browserslist-db/-/update-browserslist-db-1.2.3.tgz 0ms (cache hit)
667 http cache node-releases@https://registry.npmjs.org/node-releases/-/node-releases-2.0.27.tgz 0ms (cache hit)
668 http cache electron-to-chromium@https://registry.npmjs.org/electron-to-chromium/-/electron-to-chromium-1.5.302.tgz 0ms (cache hit)
669 http cache caniuse-lite@https://registry.npmjs.org/caniuse-lite/-/caniuse-lite-1.0.30001775.tgz 0ms (cache hit)
670 http cache baseline-browser-mapping@https://registry.npmjs.org/baseline-browser-mapping/-/baseline-browser-mapping-2.10.0.tgz 0ms (cache hit)
671 http cache @types/babel__traverse@https://registry.npmjs.org/@types/babel__traverse/-/babel__traverse-7.28.0.tgz 0ms (cache hit)
672 http cache @types/babel__template@https://registry.npmjs.org/@types/babel__template/-/babel__template-7.4.4.tgz 0ms (cache hit)
673 http cache @types/babel__generator@https://registry.npmjs.org/@types/babel__generator/-/babel__generator-7.27.0.tgz 0ms (cache hit)
674 http cache @jridgewell/resolve-uri@https://registry.npmjs.org/@jridgewell/resolve-uri/-/resolve-uri-3.1.2.tgz 0ms (cache hit)
675 http cache @jridgewell/sourcemap-codec@https://registry.npmjs.org/@jridgewell/sourcemap-codec/-/sourcemap-codec-1.5.5.tgz 0ms (cache hit)
676 http cache @babel/helper-plugin-utils@https://registry.npmjs.org/@babel/helper-plugin-utils/-/helper-plugin-utils-7.28.6.tgz 0ms (cache hit)
677 http cache @babel/helper-string-parser@https://registry.npmjs.org/@babel/helper-string-parser/-/helper-string-parser-7.27.1.tgz 0ms (cache hit)
678 http cache @babel/helper-module-imports@https://registry.npmjs.org/@babel/helper-module-imports/-/helper-module-imports-7.28.6.tgz 0ms (cache hit)
679 http cache lru-cache@https://registry.npmjs.org/lru-cache/-/lru-cache-5.1.1.tgz 0ms (cache hit)
680 http cache browserslist@https://registry.npmjs.org/browserslist/-/browserslist-4.28.1.tgz 0ms (cache hit)
681 http cache @babel/helper-validator-option@https://registry.npmjs.org/@babel/helper-validator-option/-/helper-validator-option-7.27.1.tgz 0ms (cache hit)
682 http cache @babel/compat-data@https://registry.npmjs.org/@babel/compat-data/-/compat-data-7.29.0.tgz 0ms (cache hit)
683 http cache jsesc@https://registry.npmjs.org/jsesc/-/jsesc-3.1.0.tgz 0ms (cache hit)
684 http cache @jridgewell/trace-mapping@https://registry.npmjs.org/@jridgewell/trace-mapping/-/trace-mapping-0.3.31.tgz 0ms (cache hit)
685 http cache @jridgewell/gen-mapping@https://registry.npmjs.org/@jridgewell/gen-mapping/-/gen-mapping-0.3.13.tgz 0ms (cache hit)
686 http cache picocolors@https://registry.npmjs.org/picocolors/-/picocolors-1.1.1.tgz 0ms (cache hit)
687 http cache js-tokens@https://registry.npmjs.org/js-tokens/-/js-tokens-4.0.0.tgz 0ms (cache hit)
688 http cache @babel/helper-validator-identifier@https://registry.npmjs.org/@babel/helper-validator-identifier/-/helper-validator-identifier-7.28.5.tgz 0ms (cache hit)
689 http cache semver@https://registry.npmjs.org/semver/-/semver-6.3.1.tgz 0ms (cache hit)
690 http cache json5@https://registry.npmjs.org/json5/-/json5-2.2.3.tgz 0ms (cache hit)
691 http cache gensync@https://registry.npmjs.org/gensync/-/gensync-1.0.0-beta.2.tgz 0ms (cache hit)
692 http cache debug@https://registry.npmjs.org/debug/-/debug-4.4.3.tgz 0ms (cache hit)
693 http cache @jridgewell/remapping@https://registry.npmjs.org/@jridgewell/remapping/-/remapping-2.3.5.tgz 0ms (cache hit)
694 http cache @babel/helper-globals@https://registry.npmjs.org/@babel/helper-globals/-/helper-globals-7.28.0.tgz 0ms (cache hit)
695 http cache @babel/types@https://registry.npmjs.org/@babel/types/-/types-7.29.0.tgz 0ms (cache hit)
696 http cache @babel/traverse@https://registry.npmjs.org/@babel/traverse/-/traverse-7.29.0.tgz 0ms (cache hit)
697 http cache @babel/template@https://registry.npmjs.org/@babel/template/-/template-7.28.6.tgz 0ms (cache hit)
698 http cache @babel/parser@https://registry.npmjs.org/@babel/parser/-/parser-7.29.0.tgz 0ms (cache hit)
699 http cache @babel/helpers@https://registry.npmjs.org/@babel/helpers/-/helpers-7.28.6.tgz 0ms (cache hit)
700 http cache @babel/helper-module-transforms@https://registry.npmjs.org/@babel/helper-module-transforms/-/helper-module-transforms-7.28.6.tgz 0ms (cache hit)
701 http cache @babel/helper-compilation-targets@https://registry.npmjs.org/@babel/helper-compilation-targets/-/helper-compilation-targets-7.28.6.tgz 0ms (cache hit)
702 http cache @babel/generator@https://registry.npmjs.org/@babel/generator/-/generator-7.29.1.tgz 0ms (cache hit)
703 http cache @babel/code-frame@https://registry.npmjs.org/@babel/code-frame/-/code-frame-7.29.0.tgz 0ms (cache hit)
704 http cache react-refresh@https://registry.npmjs.org/react-refresh/-/react-refresh-0.17.0.tgz 0ms (cache hit)
705 http cache @types/babel__core@https://registry.npmjs.org/@types/babel__core/-/babel__core-7.20.5.tgz 0ms (cache hit)
706 http cache @rolldown/pluginutils@https://registry.npmjs.org/@rolldown/pluginutils/-/pluginutils-1.0.0-beta.27.tgz 0ms (cache hit)
707 http cache @babel/plugin-transform-react-jsx-source@https://registry.npmjs.org/@babel/plugin-transform-react-jsx-source/-/plugin-transform-react-jsx-source-7.27.1.tgz 0ms (cache hit)
708 http cache @babel/plugin-transform-react-jsx-self@https://registry.npmjs.org/@babel/plugin-transform-react-jsx-self/-/plugin-transform-react-jsx-self-7.27.1.tgz 0ms (cache hit)
709 http cache @babel/core@https://registry.npmjs.org/@babel/core/-/core-7.29.0.tgz 0ms (cache hit)
710 http cache csstype@https://registry.npmjs.org/csstype/-/csstype-3.2.3.tgz 0ms (cache hit)
711 http cache @types/prop-types@https://registry.npmjs.org/@types/prop-types/-/prop-types-15.7.15.tgz 0ms (cache hit)
712 http cache typescript@https://registry.npmjs.org/typescript/-/typescript-5.9.3.tgz 0ms (cache hit)
713 http cache react-dom@https://registry.npmjs.org/react-dom/-/react-dom-18.3.1.tgz 0ms (cache hit)
714 http cache react@https://registry.npmjs.org/react/-/react-18.3.1.tgz 0ms (cache hit)
715 http cache vite@https://registry.npmjs.org/vite/-/vite-5.4.21.tgz 0ms (cache hit)
716 http cache @vitejs/plugin-react@https://registry.npmjs.org/@vitejs/plugin-react/-/plugin-react-4.7.0.tgz 0ms (cache hit)
717 http cache @types/react-dom@https://registry.npmjs.org/@types/react-dom/-/react-dom-18.3.7.tgz 0ms (cache hit)
718 http cache @types/react@https://registry.npmjs.org/@types/react/-/react-18.3.28.tgz 0ms (cache hit)
719 http cache convert-source-map@https://registry.npmjs.org/convert-source-map/-/convert-source-map-2.0.0.tgz 0ms (cache hit)
720 silly tarball no local data for @types/estree@https://registry.npmjs.org/@types/estree/-/estree-1.0.8.tgz. Extracting by manifest.
721 silly tarball no local data for source-map-js@https://registry.npmjs.org/source-map-js/-/source-map-js-1.2.1.tgz. Extracting by manifest.
722 silly tarball no local data for @rollup/rollup-darwin-arm64@https://registry.npmjs.org/@rollup/rollup-darwin-arm64/-/rollup-darwin-arm64-4.59.0.tgz. Extracting by manifest.
723 silly tarball no local data for nanoid@https://registry.npmjs.org/nanoid/-/nanoid-3.3.11.tgz. Extracting by manifest.
724 silly tarball no local data for rollup@https://registry.npmjs.org/rollup/-/rollup-4.59.0.tgz. Extracting by manifest.
725 silly tarball no local data for @esbuild/darwin-arm64@https://registry.npmjs.org/@esbuild/darwin-arm64/-/darwin-arm64-0.21.5.tgz. Extracting by manifest.
726 silly tarball no local data for esbuild@https://registry.npmjs.org/esbuild/-/esbuild-0.21.5.tgz. Extracting by manifest.
727 silly tarball no local data for fsevents@https://registry.npmjs.org/fsevents/-/fsevents-2.3.3.tgz. Extracting by manifest.
728 silly tarball no local data for postcss@https://registry.npmjs.org/postcss/-/postcss-8.5.6.tgz. Extracting by manifest.
729 silly tarball no local data for scheduler@https://registry.npmjs.org/scheduler/-/scheduler-0.23.2.tgz. Extracting by manifest.
730 silly tarball no local data for escalade@https://registry.npmjs.org/escalade/-/escalade-3.2.0.tgz. Extracting by manifest.
731 silly tarball no local data for loose-envify@https://registry.npmjs.org/loose-envify/-/loose-envify-1.4.0.tgz. Extracting by manifest.
732 silly tarball no local data for yallist@https://registry.npmjs.org/yallist/-/yallist-3.1.1.tgz. Extracting by manifest.
733 silly tarball no local data for ms@https://registry.npmjs.org/ms/-/ms-2.1.3.tgz. Extracting by manifest.
734 silly tarball no local data for update-browserslist-db@https://registry.npmjs.org/update-browserslist-db/-/update-browserslist-db-1.2.3.tgz. Extracting by manifest.
735 silly tarball no local data for node-releases@https://registry.npmjs.org/node-releases/-/node-releases-2.0.27.tgz. Extracting by manifest.
736 silly tarball no local data for electron-to-chromium@https://registry.npmjs.org/electron-to-chromium/-/electron-to-chromium-1.5.302.tgz. Extracting by manifest.
737 silly tarball no local data for caniuse-lite@https://registry.npmjs.org/caniuse-lite/-/caniuse-lite-1.0.30001775.tgz. Extracting by manifest.
738 silly tarball no local data for baseline-browser-mapping@https://registry.npmjs.org/baseline-browser-mapping/-/baseline-browser-mapping-2.10.0.tgz. Extracting by manifest.
739 silly tarball no local data for @types/babel__traverse@https://registry.npmjs.org/@types/babel__traverse/-/babel__traverse-7.28.0.tgz. Extracting by manifest.
740 silly tarball no local data for @types/babel__template@https://registry.npmjs.org/@types/babel__template/-/babel__template-7.4.4.tgz. Extracting by manifest.
741 silly tarball no local data for @types/babel__generator@https://registry.npmjs.org/@types/babel__generator/-/babel__generator-7.27.0.tgz. Extracting by manifest.
742 silly tarball no local data for @jridgewell/resolve-uri@https://registry.npmjs.org/@jridgewell/resolve-uri/-/resolve-uri-3.1.2.tgz. Extracting by manifest.
743 silly tarball no local data for @jridgewell/sourcemap-codec@https://registry.npmjs.org/@jridgewell/sourcemap-codec/-/sourcemap-codec-1.5.5.tgz. Extracting by manifest.
744 silly tarball no local data for @babel/helper-plugin-utils@https://registry.npmjs.org/@babel/helper-plugin-utils/-/helper-plugin-utils-7.28.6.tgz. Extracting by manifest.
745 silly tarball no local data for @babel/helper-string-parser@https://registry.npmjs.org/@babel/helper-string-parser/-/helper-string-parser-7.27.1.tgz. Extracting by manifest.
746 silly tarball no local data for @babel/helper-module-imports@https://registry.npmjs.org/@babel/helper-module-imports/-/helper-module-imports-7.28.6.tgz. Extracting by manifest.
747 silly tarball no local data for lru-cache@https://registry.npmjs.org/lru-cache/-/lru-cache-5.1.1.tgz. Extracting by manifest.
748 silly tarball no local data for browserslist@https://registry.npmjs.org/browserslist/-/browserslist-4.28.1.tgz. Extracting by manifest.
749 silly tarball no local data for @babel/helper-validator-option@https://registry.npmjs.org/@babel/helper-validator-option/-/helper-validator-option-7.27.1.tgz. Extracting by manifest.
750 silly tarball no local data for @babel/compat-data@https://registry.npmjs.org/@babel/compat-data/-/compat-data-7.29.0.tgz. Extracting by manifest.
751 silly tarball no local data for jsesc@https://registry.npmjs.org/jsesc/-/jsesc-3.1.0.tgz. Extracting by manifest.
752 silly tarball no local data for @jridgewell/trace-mapping@https://registry.npmjs.org/@jridgewell/trace-mapping/-/trace-mapping-0.3.31.tgz. Extracting by manifest.
753 silly tarball no local data for @jridgewell/gen-mapping@https://registry.npmjs.org/@jridgewell/gen-mapping/-/gen-mapping-0.3.13.tgz. Extracting by manifest.
754 silly tarball no local data for picocolors@https://registry.npmjs.org/picocolors/-/picocolors-1.1.1.tgz. Extracting by manifest.
755 silly tarball no local data for js-tokens@https://registry.npmjs.org/js-tokens/-/js-tokens-4.0.0.tgz. Extracting by manifest.
756 silly tarball no local data for @babel/helper-validator-identifier@https://registry.npmjs.org/@babel/helper-validator-identifier/-/helper-validator-identifier-7.28.5.tgz. Extracting by manifest.
757 silly tarball no local data for semver@https://registry.npmjs.org/semver/-/semver-6.3.1.tgz. Extracting by manifest.
758 silly tarball no local data for json5@https://registry.npmjs.org/json5/-/json5-2.2.3.tgz. Extracting by manifest.
759 silly tarball no local data for gensync@https://registry.npmjs.org/gensync/-/gensync-1.0.0-beta.2.tgz. Extracting by manifest.
760 silly tarball no local data for debug@https://registry.npmjs.org/debug/-/debug-4.4.3.tgz. Extracting by manifest.
761 silly tarball no local data for @jridgewell/remapping@https://registry.npmjs.org/@jridgewell/remapping/-/remapping-2.3.5.tgz. Extracting by manifest.
762 silly tarball no local data for @babel/helper-globals@https://registry.npmjs.org/@babel/helper-globals/-/helper-globals-7.28.0.tgz. Extracting by manifest.
763 silly tarball no local data for @babel/types@https://registry.npmjs.org/@babel/types/-/types-7.29.0.tgz. Extracting by manifest.
764 silly tarball no local data for @babel/traverse@https://registry.npmjs.org/@babel/traverse/-/traverse-7.29.0.tgz. Extracting by manifest.
765 silly tarball no local data for @babel/template@https://registry.npmjs.org/@babel/template/-/template-7.28.6.tgz. Extracting by manifest.
766 silly tarball no local data for @babel/parser@https://registry.npmjs.org/@babel/parser/-/parser-7.29.0.tgz. Extracting by manifest.
767 silly tarball no local data for @babel/helpers@https://registry.npmjs.org/@babel/helpers/-/helpers-7.28.6.tgz. Extracting by manifest.
768 silly tarball no local data for @babel/helper-module-transforms@https://registry.npmjs.org/@babel/helper-module-transforms/-/helper-module-transforms-7.28.6.tgz. Extracting by manifest.
769 silly tarball no local data for @babel/helper-compilation-targets@https://registry.npmjs.org/@babel/helper-compilation-targets/-/helper-compilation-targets-7.28.6.tgz. Extracting by manifest.
770 silly tarball no local data for @babel/generator@https://registry.npmjs.org/@babel/generator/-/generator-7.29.1.tgz. Extracting by manifest.
771 silly tarball no local data for @babel/code-frame@https://registry.npmjs.org/@babel/code-frame/-/code-frame-7.29.0.tgz. Extracting by manifest.
772 silly tarball no local data for react-refresh@https://registry.npmjs.org/react-refresh/-/react-refresh-0.17.0.tgz. Extracting by manifest.
773 silly tarball no local data for @types/babel__core@https://registry.npmjs.org/@types/babel__core/-/babel__core-7.20.5.tgz. Extracting by manifest.
774 silly tarball no local data for @rolldown/pluginutils@https://registry.npmjs.org/@rolldown/pluginutils/-/pluginutils-1.0.0-beta.27.tgz. Extracting by manifest.
775 silly tarball no local data for @babel/plugin-transform-react-jsx-source@https://registry.npmjs.org/@babel/plugin-transform-react-jsx-source/-/plugin-transform-react-jsx-source-7.27.1.tgz. Extracting by manifest.
776 silly tarball no local data for @babel/plugin-transform-react-jsx-self@https://registry.npmjs.org/@babel/plugin-transform-react-jsx-self/-/plugin-transform-react-jsx-self-7.27.1.tgz. Extracting by manifest.
777 silly tarball no local data for @babel/core@https://registry.npmjs.org/@babel/core/-/core-7.29.0.tgz. Extracting by manifest.
778 silly tarball no local data for csstype@https://registry.npmjs.org/csstype/-/csstype-3.2.3.tgz. Extracting by manifest.
779 silly tarball no local data for @types/prop-types@https://registry.npmjs.org/@types/prop-types/-/prop-types-15.7.15.tgz. Extracting by manifest.
780 silly tarball no local data for typescript@https://registry.npmjs.org/typescript/-/typescript-5.9.3.tgz. Extracting by manifest.
781 silly tarball no local data for react-dom@https://registry.npmjs.org/react-dom/-/react-dom-18.3.1.tgz. Extracting by manifest.
782 silly tarball no local data for react@https://registry.npmjs.org/react/-/react-18.3.1.tgz. Extracting by manifest.
783 silly tarball no local data for vite@https://registry.npmjs.org/vite/-/vite-5.4.21.tgz. Extracting by manifest.
784 silly tarball no local data for @vitejs/plugin-react@https://registry.npmjs.org/@vitejs/plugin-react/-/plugin-react-4.7.0.tgz. Extracting by manifest.
785 silly tarball no local data for @types/react-dom@https://registry.npmjs.org/@types/react-dom/-/react-dom-18.3.7.tgz. Extracting by manifest.
786 silly tarball no local data for @types/react@https://registry.npmjs.org/@types/react/-/react-18.3.28.tgz. Extracting by manifest.
787 silly tarball no local data for convert-source-map@https://registry.npmjs.org/convert-source-map/-/convert-source-map-2.0.0.tgz. Extracting by manifest.
788 http fetch GET 200 https://registry.npmjs.org/@types/estree/-/estree-1.0.8.tgz 385ms (cache miss)
789 http fetch GET 200 https://registry.npmjs.org/nanoid/-/nanoid-3.3.11.tgz 391ms (cache miss)
790 http fetch GET 200 https://registry.npmjs.org/esbuild/-/esbuild-0.21.5.tgz 427ms (cache miss)
791 http fetch GET 200 https://registry.npmjs.org/source-map-js/-/source-map-js-1.2.1.tgz 490ms (cache miss)
792 http fetch GET 200 https://registry.npmjs.org/node-releases/-/node-releases-2.0.27.tgz 742ms (cache miss)
793 http fetch GET 200 https://registry.npmjs.org/electron-to-chromium/-/electron-to-chromium-1.5.302.tgz 934ms (cache miss)
794 http fetch GET 200 https://registry.npmjs.org/baseline-browser-mapping/-/baseline-browser-mapping-2.10.0.tgz 998ms (cache miss)
795 http fetch GET 200 https://registry.npmjs.org/@types/babel__traverse/-/babel__traverse-7.28.0.tgz 1159ms (cache miss)
796 http fetch GET 200 https://registry.npmjs.org/@types/babel__template/-/babel__template-7.4.4.tgz 1302ms (cache miss)
797 http fetch GET 200 https://registry.npmjs.org/yallist/-/yallist-3.1.1.tgz 1350ms (cache miss)
798 http fetch GET 200 https://registry.npmjs.org/loose-envify/-/loose-envify-1.4.0.tgz 1364ms (cache miss)
799 http fetch GET 200 https://registry.npmjs.org/@types/babel__generator/-/babel__generator-7.27.0.tgz 1364ms (cache miss)
800 http fetch GET 200 https://registry.npmjs.org/update-browserslist-db/-/update-browserslist-db-1.2.3.tgz 1377ms (cache miss)
801 http fetch GET 200 https://registry.npmjs.org/ms/-/ms-2.1.3.tgz 1388ms (cache miss)
802 http fetch GET 200 https://registry.npmjs.org/escalade/-/escalade-3.2.0.tgz 1390ms (cache miss)
803 http fetch GET 200 https://registry.npmjs.org/rollup/-/rollup-4.59.0.tgz 1455ms (cache miss)
804 http fetch GET 200 https://registry.npmjs.org/caniuse-lite/-/caniuse-lite-1.0.30001775.tgz 1469ms (cache miss)
805 http fetch GET 200 https://registry.npmjs.org/scheduler/-/scheduler-0.23.2.tgz 1473ms (cache miss)
806 http fetch GET 200 https://registry.npmjs.org/@jridgewell/resolve-uri/-/resolve-uri-3.1.2.tgz 1543ms (cache miss)
807 http fetch GET 200 https://registry.npmjs.org/@rollup/rollup-darwin-arm64/-/rollup-darwin-arm64-4.59.0.tgz 1663ms (cache miss)
808 http fetch GET 200 https://registry.npmjs.org/@babel/helper-plugin-utils/-/helper-plugin-utils-7.28.6.tgz 1727ms (cache miss)
809 http fetch GET 200 https://registry.npmjs.org/@babel/helper-string-parser/-/helper-string-parser-7.27.1.tgz 1747ms (cache miss)
810 http fetch GET 200 https://registry.npmjs.org/fsevents/-/fsevents-2.3.3.tgz 1749ms (cache miss)
811 http fetch GET 200 https://registry.npmjs.org/@jridgewell/sourcemap-codec/-/sourcemap-codec-1.5.5.tgz 1755ms (cache miss)
812 http fetch GET 200 https://registry.npmjs.org/lru-cache/-/lru-cache-5.1.1.tgz 1768ms (cache miss)
813 http fetch GET 200 https://registry.npmjs.org/@babel/helper-validator-option/-/helper-validator-option-7.27.1.tgz 1776ms (cache miss)
814 http fetch GET 200 https://registry.npmjs.org/jsesc/-/jsesc-3.1.0.tgz 1810ms (cache miss)
815 http fetch GET 200 https://registry.npmjs.org/@babel/compat-data/-/compat-data-7.29.0.tgz 1811ms (cache miss)
816 http fetch GET 200 https://registry.npmjs.org/@babel/helper-module-imports/-/helper-module-imports-7.28.6.tgz 1841ms (cache miss)
817 http fetch GET 200 https://registry.npmjs.org/browserslist/-/browserslist-4.28.1.tgz 1882ms (cache miss)
818 http fetch GET 200 https://registry.npmjs.org/postcss/-/postcss-8.5.6.tgz 1963ms (cache miss)
819 http fetch GET 200 https://registry.npmjs.org/@jridgewell/gen-mapping/-/gen-mapping-0.3.13.tgz 1961ms (cache miss)
820 http fetch GET 200 https://registry.npmjs.org/picocolors/-/picocolors-1.1.1.tgz 2004ms (cache miss)
821 http fetch GET 200 https://registry.npmjs.org/@jridgewell/trace-mapping/-/trace-mapping-0.3.31.tgz 2068ms (cache miss)
822 http fetch GET 200 https://registry.npmjs.org/js-tokens/-/js-tokens-4.0.0.tgz 2124ms (cache miss)
823 http fetch GET 200 https://registry.npmjs.org/semver/-/semver-6.3.1.tgz 2157ms (cache miss)
824 http fetch GET 200 https://registry.npmjs.org/@babel/helper-globals/-/helper-globals-7.28.0.tgz 2168ms (cache miss)
825 http fetch GET 200 https://registry.npmjs.org/gensync/-/gensync-1.0.0-beta.2.tgz 2176ms (cache miss)
826 http fetch GET 200 https://registry.npmjs.org/@jridgewell/remapping/-/remapping-2.3.5.tgz 2177ms (cache miss)
827 http fetch GET 200 https://registry.npmjs.org/@babel/helper-validator-identifier/-/helper-validator-identifier-7.28.5.tgz 2214ms (cache miss)
828 http fetch GET 200 https://registry.npmjs.org/debug/-/debug-4.4.3.tgz 2228ms (cache miss)
829 http fetch GET 200 https://registry.npmjs.org/json5/-/json5-2.2.3.tgz 2384ms (cache miss)
830 http fetch GET 200 https://registry.npmjs.org/@babel/template/-/template-7.28.6.tgz 2411ms (cache miss)
831 http fetch GET 200 https://registry.npmjs.org/@babel/helpers/-/helpers-7.28.6.tgz 2425ms (cache miss)
832 http fetch GET 200 https://registry.npmjs.org/@types/babel__core/-/babel__core-7.20.5.tgz 2536ms (cache miss)
833 http fetch GET 200 https://registry.npmjs.org/@babel/code-frame/-/code-frame-7.29.0.tgz 2539ms (cache miss)
834 http fetch GET 200 https://registry.npmjs.org/@esbuild/darwin-arm64/-/darwin-arm64-0.21.5.tgz 2582ms (cache miss)
835 http fetch GET 200 https://registry.npmjs.org/@babel/helper-compilation-targets/-/helper-compilation-targets-7.28.6.tgz 2599ms (cache miss)
836 http fetch GET 200 https://registry.npmjs.org/react-refresh/-/react-refresh-0.17.0.tgz 2616ms (cache miss)
837 http fetch GET 200 https://registry.npmjs.org/@babel/plugin-transform-react-jsx-source/-/plugin-transform-react-jsx-source-7.27.1.tgz 2622ms (cache miss)
838 http fetch GET 200 https://registry.npmjs.org/@rolldown/pluginutils/-/pluginutils-1.0.0-beta.27.tgz 2631ms (cache miss)
839 http fetch GET 200 https://registry.npmjs.org/@babel/helper-module-transforms/-/helper-module-transforms-7.28.6.tgz 2638ms (cache miss)
840 http fetch GET 200 https://registry.npmjs.org/@babel/plugin-transform-react-jsx-self/-/plugin-transform-react-jsx-self-7.27.1.tgz 2748ms (cache miss)
841 http fetch GET 200 https://registry.npmjs.org/csstype/-/csstype-3.2.3.tgz 2814ms (cache miss)
842 http fetch GET 200 https://registry.npmjs.org/@babel/generator/-/generator-7.29.1.tgz 2870ms (cache miss)
843 http fetch GET 200 https://registry.npmjs.org/@types/prop-types/-/prop-types-15.7.15.tgz 2883ms (cache miss)
844 http fetch GET 200 https://registry.npmjs.org/react-dom/-/react-dom-18.3.1.tgz 3025ms (cache miss)
845 http fetch GET 200 https://registry.npmjs.org/@types/react-dom/-/react-dom-18.3.7.tgz 3068ms (cache miss)
846 http fetch GET 200 https://registry.npmjs.org/@vitejs/plugin-react/-/plugin-react-4.7.0.tgz 3120ms (cache miss)
847 http fetch GET 200 https://registry.npmjs.org/convert-source-map/-/convert-source-map-2.0.0.tgz 3124ms (cache miss)
848 http fetch GET 200 https://registry.npmjs.org/@babel/traverse/-/traverse-7.29.0.tgz 3199ms (cache miss)
849 http fetch GET 200 https://registry.npmjs.org/@babel/parser/-/parser-7.29.0.tgz 3329ms (cache miss)
850 http fetch GET 200 https://registry.npmjs.org/@types/react/-/react-18.3.28.tgz 3390ms (cache miss)
851 http fetch GET 200 https://registry.npmjs.org/@babel/types/-/types-7.29.0.tgz 3529ms (cache miss)
852 http fetch GET 200 https://registry.npmjs.org/@babel/core/-/core-7.29.0.tgz 3565ms (cache miss)
853 http fetch GET 200 https://registry.npmjs.org/react/-/react-18.3.1.tgz 3640ms (cache miss)
854 http fetch GET 200 https://registry.npmjs.org/typescript/-/typescript-5.9.3.tgz 3966ms (cache miss)
855 http fetch GET 200 https://registry.npmjs.org/vite/-/vite-5.4.21.tgz 4707ms (cache miss)
856 info run fsevents@2.3.3 install node_modules/fsevents node-gyp rebuild
857 info run fsevents@2.3.3 install { code: 1, signal: null }
858 verbose reify failed optional dependency /Users/jiazhengli/auto-scheduler/node_modules/fsevents
859 silly reify mark deleted [ '/Users/jiazhengli/auto-scheduler/node_modules/fsevents' ]
860 info run esbuild@0.21.5 postinstall node_modules/esbuild node install.js
861 info run esbuild@0.21.5 postinstall { code: 0, signal: null }
862 verbose cwd /Users/jiazhengli/auto-scheduler
863 verbose os Darwin 23.6.0
864 verbose node v24.14.0
865 verbose npm  v11.9.0
866 verbose exit 0
867 info ok
