0 verbose cli /usr/local/bin/node /usr/local/bin/npm
1 info using npm@11.9.0
2 info using node@v24.14.0
3 silly config load:file:/usr/local/lib/node_modules/npm/npmrc
4 silly config load:file:/Users/jiazhengli/auto-scheduler/.npmrc
5 silly config load:file:/Users/jiazhengli/.npmrc
6 silly config load:file:/usr/local/etc/npmrc
7 verbose title npm install
8 verbose argv "install" "--cache" "./.npm_cache" "--no-fund" "--no-audit" "--loglevel" "silent"
9 verbose logfile logs-max:10 dir:/Users/jiazhengli/auto-scheduler/.npm_cache/_logs/2026-03-01T08_30_03_559Z-
10 verbose logfile /Users/jiazhengli/auto-scheduler/.npm_cache/_logs/2026-03-01T08_30_03_559Z-debug-0.log
11 silly logfile done cleaning log files
12 silly packumentCache heap:2348810240 maxSize:587202560 maxEntrySize:293601280
13 silly idealTree buildDeps
14 silly fetch manifest react@^18.3.1
15 silly packumentCache full:https://registry.npmjs.org/react cache-miss
16 http fetch GET 200 https://registry.npmjs.org/npm 2769ms
17 http fetch GET 200 https://registry.npmjs.org/react 3716ms (cache miss)
18 silly packumentCache full:https://registry.npmjs.org/react set size:undefined disposed:false
19 silly fetch manifest react-dom@^18.3.1
20 silly packumentCache full:https://registry.npmjs.org/react-dom cache-miss
21 http fetch GET 200 https://registry.npmjs.org/react-dom 1235ms (cache miss)
22 silly packumentCache full:https://registry.npmjs.org/react-dom set size:undefined disposed:false
23 silly fetch manifest @types/react@^18.3.12
24 silly packumentCache full:https://registry.npmjs.org/@types%2freact cache-miss
25 http fetch GET 200 https://registry.npmjs.org/@types%2freact 474ms (cache miss)
26 silly packumentCache full:https://registry.npmjs.org/@types%2freact set size:undefined disposed:false
27 silly fetch manifest @types/react-dom@^18.3.1
28 silly packumentCache full:https://registry.npmjs.org/@types%2freact-dom cache-miss
29 http fetch GET 200 https://registry.npmjs.org/@types%2freact-dom 475ms (cache miss)
30 silly packumentCache full:https://registry.npmjs.org/@types%2freact-dom set size:undefined disposed:false
31 silly fetch manifest @vitejs/plugin-react@^4.3.3
32 silly packumentCache full:https://registry.npmjs.org/@vitejs%2fplugin-react cache-miss
33 http fetch GET 200 https://registry.npmjs.org/@vitejs%2fplugin-react 377ms (cache miss)
34 silly packumentCache full:https://registry.npmjs.org/@vitejs%2fplugin-react set size:undefined disposed:false
35 silly fetch manifest vite@^5.4.10
36 silly packumentCache full:https://registry.npmjs.org/vite cache-miss
37 http fetch GET 200 https://registry.npmjs.org/vite 1345ms (cache miss)
38 silly packumentCache full:https://registry.npmjs.org/vite set size:undefined disposed:false
39 silly fetch manifest @types/node@^18.0.0 || >=20.0.0
40 silly packumentCache full:https://registry.npmjs.org/@types%2fnode cache-miss
41 http fetch GET 200 https://registry.npmjs.org/@types%2fnode 690ms (cache miss)
42 silly packumentCache full:https://registry.npmjs.org/@types%2fnode set size:undefined disposed:false
43 silly fetch manifest less@*
44 silly packumentCache full:https://registry.npmjs.org/less cache-miss
45 http fetch GET 200 https://registry.npmjs.org/less 363ms (cache miss)
46 silly packumentCache full:https://registry.npmjs.org/less set size:undefined disposed:false
47 silly fetch manifest lightningcss@^1.21.0
48 silly packumentCache full:https://registry.npmjs.org/lightningcss cache-miss
49 http fetch GET 200 https://registry.npmjs.org/lightningcss 467ms (cache miss)
50 silly packumentCache full:https://registry.npmjs.org/lightningcss set size:undefined disposed:false
51 silly fetch manifest sass@*
52 silly packumentCache full:https://registry.npmjs.org/sass cache-miss
53 http fetch GET 200 https://registry.npmjs.org/sass 365ms (cache miss)
54 silly packumentCache full:https://registry.npmjs.org/sass set size:undefined disposed:false
55 silly fetch manifest sass-embedded@*
56 silly packumentCache full:https://registry.npmjs.org/sass-embedded cache-miss
57 http fetch GET 200 https://registry.npmjs.org/sass-embedded 377ms (cache miss)
58 silly packumentCache full:https://registry.npmjs.org/sass-embedded set size:undefined disposed:false
59 silly fetch manifest stylus@*
60 silly packumentCache full:https://registry.npmjs.org/stylus cache-miss
61 http fetch GET 200 https://registry.npmjs.org/stylus 350ms (cache miss)
62 silly packumentCache full:https://registry.npmjs.org/stylus set size:undefined disposed:false
63 silly fetch manifest sugarss@*
64 silly packumentCache full:https://registry.npmjs.org/sugarss cache-miss
65 http fetch GET 200 https://registry.npmjs.org/sugarss 352ms (cache miss)
66 silly packumentCache full:https://registry.npmjs.org/sugarss set size:undefined disposed:false
67 silly fetch manifest postcss@^8.3.3
68 silly packumentCache full:https://registry.npmjs.org/postcss cache-miss
69 http fetch GET 200 https://registry.npmjs.org/postcss 375ms (cache miss)
70 silly packumentCache full:https://registry.npmjs.org/postcss set size:undefined disposed:false
71 silly fetch manifest terser@^5.4.0
72 silly packumentCache full:https://registry.npmjs.org/terser cache-miss
73 http fetch GET 200 https://registry.npmjs.org/terser 432ms (cache miss)
74 silly packumentCache full:https://registry.npmjs.org/terser set size:undefined disposed:false
75 silly fetch manifest typescript@^5.6.3
76 silly packumentCache full:https://registry.npmjs.org/typescript cache-miss
77 http fetch GET 200 https://registry.npmjs.org/typescript 549ms (cache miss)
78 silly packumentCache full:https://registry.npmjs.org/typescript set size:undefined disposed:false
79 silly placeDep ROOT @types/react@18.3.28 OK for: auto-scheduler@0.0.0 want: ^18.3.12
80 silly placeDep ROOT @types/react-dom@18.3.7 OK for: auto-scheduler@0.0.0 want: ^18.3.1
81 silly placeDep ROOT @vitejs/plugin-react@4.7.0 OK for: auto-scheduler@0.0.0 want: ^4.3.3
82 silly placeDep ROOT vite@5.4.21 OK for: @vitejs/plugin-react@4.7.0 want: ^4.2.0 || ^5.0.0 || ^6.0.0 || ^7.0.0
83 silly placeDep ROOT react@18.3.1 OK for: auto-scheduler@0.0.0 want: ^18.3.1
84 silly placeDep ROOT react-dom@18.3.1 OK for: auto-scheduler@0.0.0 want: ^18.3.1
85 silly placeDep ROOT typescript@5.9.3 OK for: auto-scheduler@0.0.0 want: ^5.6.3
86 silly fetch manifest csstype@^3.2.2
87 silly packumentCache full:https://registry.npmjs.org/csstype cache-miss
88 silly fetch manifest @types/prop-types@*
89 silly packumentCache full:https://registry.npmjs.org/@types%2fprop-types cache-miss
90 silly fetch manifest @babel/core@^7.28.0
91 silly packumentCache full:https://registry.npmjs.org/@babel%2fcore cache-miss
92 silly fetch manifest react-refresh@^0.17.0
93 silly packumentCache full:https://registry.npmjs.org/react-refresh cache-miss
94 silly fetch manifest @types/babel__core@^7.20.5
95 silly packumentCache full:https://registry.npmjs.org/@types%2fbabel__core cache-miss
96 silly fetch manifest @rolldown/pluginutils@1.0.0-beta.27
97 silly packumentCache full:https://registry.npmjs.org/@rolldown%2fpluginutils cache-miss
98 silly fetch manifest @babel/plugin-transform-react-jsx-self@^7.27.1
99 silly packumentCache full:https://registry.npmjs.org/@babel%2fplugin-transform-react-jsx-self cache-miss
100 http fetch GET 200 https://registry.npmjs.org/csstype 359ms (cache miss)
101 silly packumentCache full:https://registry.npmjs.org/csstype set size:undefined disposed:false
102 silly fetch manifest @babel/plugin-transform-react-jsx-source@^7.27.1
103 silly packumentCache full:https://registry.npmjs.org/@babel%2fplugin-transform-react-jsx-source cache-miss
104 http fetch GET 200 https://registry.npmjs.org/@types%2fprop-types 732ms (cache miss)
105 silly packumentCache full:https://registry.npmjs.org/@types%2fprop-types set size:undefined disposed:false
106 silly fetch manifest rollup@^4.20.0
107 silly packumentCache full:https://registry.npmjs.org/rollup cache-miss
108 http fetch GET 200 https://registry.npmjs.org/@babel%2fplugin-transform-react-jsx-source 375ms (cache miss)
109 silly packumentCache full:https://registry.npmjs.org/@babel%2fplugin-transform-react-jsx-source set size:undefined disposed:false
110 silly fetch manifest esbuild@^0.21.3
111 silly packumentCache full:https://registry.npmjs.org/esbuild cache-miss
112 http fetch GET 200 https://registry.npmjs.org/rollup 416ms (cache miss)
113 silly packumentCache full:https://registry.npmjs.org/rollup set size:undefined disposed:false
114 silly fetch manifest postcss@^8.4.43
115 silly packumentCache full:https://registry.npmjs.org/postcss cache-miss
116 http cache https://registry.npmjs.org/postcss 7ms (cache hit)
117 silly packumentCache full:https://registry.npmjs.org/postcss set size:696248 disposed:false
118 silly fetch manifest fsevents@~2.3.3
119 silly packumentCache full:https://registry.npmjs.org/fsevents cache-miss
120 http fetch GET 200 https://registry.npmjs.org/esbuild 453ms (cache miss)
121 silly packumentCache full:https://registry.npmjs.org/esbuild set size:undefined disposed:false
122 silly fetch manifest loose-envify@^1.1.0
123 silly packumentCache full:https://registry.npmjs.org/loose-envify cache-miss
124 http fetch GET 200 https://registry.npmjs.org/fsevents 366ms (cache miss)
125 silly packumentCache full:https://registry.npmjs.org/fsevents set size:undefined disposed:false
126 silly fetch manifest scheduler@^0.23.2
127 silly packumentCache full:https://registry.npmjs.org/scheduler cache-miss
128 http fetch GET 200 https://registry.npmjs.org/loose-envify 359ms (cache miss)
129 silly packumentCache full:https://registry.npmjs.org/loose-envify set size:undefined disposed:false
130 http fetch GET 200 https://registry.npmjs.org/@types%2fbabel__core 1829ms (cache miss)
131 silly packumentCache full:https://registry.npmjs.org/@types%2fbabel__core set size:undefined disposed:false
132 http fetch GET 200 https://registry.npmjs.org/@rolldown%2fpluginutils 1914ms (cache miss)
133 silly packumentCache full:https://registry.npmjs.org/@rolldown%2fpluginutils set size:undefined disposed:false
134 http fetch GET 200 https://registry.npmjs.org/@babel%2fplugin-transform-react-jsx-self 2000ms (cache miss)
135 silly packumentCache full:https://registry.npmjs.org/@babel%2fplugin-transform-react-jsx-self set size:undefined disposed:false
136 http fetch GET 200 https://registry.npmjs.org/scheduler 456ms (cache miss)
137 silly packumentCache full:https://registry.npmjs.org/scheduler set size:undefined disposed:false
138 http fetch GET 200 https://registry.npmjs.org/@babel%2fcore 2526ms (cache miss)
139 silly packumentCache full:https://registry.npmjs.org/@babel%2fcore set size:undefined disposed:false
140 http fetch GET 200 https://registry.npmjs.org/react-refresh 3777ms (cache miss)
141 silly packumentCache full:https://registry.npmjs.org/react-refresh set size:undefined disposed:false
142 silly placeDep ROOT @types/prop-types@15.7.15 OK for: @types/react@18.3.28 want: *
143 silly placeDep ROOT csstype@3.2.3 OK for: @types/react@18.3.28 want: ^3.2.2
144 silly placeDep ROOT @babel/core@7.29.0 OK for: @vitejs/plugin-react@4.7.0 want: ^7.28.0
145 silly placeDep ROOT @babel/plugin-transform-react-jsx-self@7.27.1 OK for: @vitejs/plugin-react@4.7.0 want: ^7.27.1
146 silly placeDep ROOT @babel/plugin-transform-react-jsx-source@7.27.1 OK for: @vitejs/plugin-react@4.7.0 want: ^7.27.1
147 silly placeDep ROOT @rolldown/pluginutils@1.0.0-beta.27 OK for: @vitejs/plugin-react@4.7.0 want: 1.0.0-beta.27
148 silly placeDep ROOT @types/babel__core@7.20.5 OK for: @vitejs/plugin-react@4.7.0 want: ^7.20.5
149 silly placeDep ROOT react-refresh@0.17.0 OK for: @vitejs/plugin-react@4.7.0 want: ^0.17.0
150 silly fetch manifest debug@^4.1.0
151 silly packumentCache full:https://registry.npmjs.org/debug cache-miss
152 silly fetch manifest json5@^2.2.3
153 silly packumentCache full:https://registry.npmjs.org/json5 cache-miss
154 silly fetch manifest semver@^6.3.1
155 silly packumentCache full:https://registry.npmjs.org/semver cache-miss
156 silly fetch manifest gensync@^1.0.0-beta.2
157 silly packumentCache full:https://registry.npmjs.org/gensync cache-miss
158 silly fetch manifest @babel/types@^7.29.0
159 silly packumentCache full:https://registry.npmjs.org/@babel%2ftypes cache-miss
160 silly fetch manifest @babel/parser@^7.29.0
161 silly packumentCache full:https://registry.npmjs.org/@babel%2fparser cache-miss
162 silly fetch manifest @babel/helpers@^7.28.6
163 silly packumentCache full:https://registry.npmjs.org/@babel%2fhelpers cache-miss
164 http fetch GET 200 https://registry.npmjs.org/gensync 352ms (cache miss)
165 silly packumentCache full:https://registry.npmjs.org/gensync set size:undefined disposed:false
166 silly fetch manifest @babel/template@^7.28.6
167 silly packumentCache full:https://registry.npmjs.org/@babel%2ftemplate cache-miss
168 http fetch GET 200 https://registry.npmjs.org/debug 369ms (cache miss)
169 silly packumentCache full:https://registry.npmjs.org/debug set size:undefined disposed:false
170 silly fetch manifest @babel/traverse@^7.29.0
171 silly packumentCache full:https://registry.npmjs.org/@babel%2ftraverse cache-miss
172 http fetch GET 200 https://registry.npmjs.org/@babel%2fhelpers 406ms (cache miss)
173 silly packumentCache full:https://registry.npmjs.org/@babel%2fhelpers set size:undefined disposed:false
174 silly fetch manifest @babel/generator@^7.29.0
175 silly packumentCache full:https://registry.npmjs.org/@babel%2fgenerator cache-miss
176 http fetch GET 200 https://registry.npmjs.org/json5 530ms (cache miss)
177 silly packumentCache full:https://registry.npmjs.org/json5 set size:undefined disposed:false
178 silly fetch manifest @babel/code-frame@^7.29.0
179 silly packumentCache full:https://registry.npmjs.org/@babel%2fcode-frame cache-miss
180 http fetch GET 200 https://registry.npmjs.org/@babel%2fparser 701ms (cache miss)
181 silly packumentCache full:https://registry.npmjs.org/@babel%2fparser set size:undefined disposed:false
182 silly fetch manifest convert-source-map@^2.0.0
183 silly packumentCache full:https://registry.npmjs.org/convert-source-map cache-miss
184 http fetch GET 200 https://registry.npmjs.org/@babel%2ftemplate 368ms (cache miss)
185 silly packumentCache full:https://registry.npmjs.org/@babel%2ftemplate set size:undefined disposed:false
186 silly fetch manifest @jridgewell/remapping@^2.3.5
187 silly packumentCache full:https://registry.npmjs.org/@jridgewell%2fremapping cache-miss
188 http fetch GET 200 https://registry.npmjs.org/semver 732ms (cache miss)
189 silly packumentCache full:https://registry.npmjs.org/semver set size:undefined disposed:false
190 silly fetch manifest @babel/helper-module-transforms@^7.28.6
191 silly packumentCache full:https://registry.npmjs.org/@babel%2fhelper-module-transforms cache-miss
192 http fetch GET 200 https://registry.npmjs.org/@babel%2ftraverse 382ms (cache miss)
193 silly packumentCache full:https://registry.npmjs.org/@babel%2ftraverse set size:undefined disposed:false
194 silly fetch manifest @babel/helper-compilation-targets@^7.28.6
195 silly packumentCache full:https://registry.npmjs.org/@babel%2fhelper-compilation-targets cache-miss
196 http fetch GET 200 https://registry.npmjs.org/@babel%2fgenerator 406ms (cache miss)
197 silly packumentCache full:https://registry.npmjs.org/@babel%2fgenerator set size:undefined disposed:false
198 silly fetch manifest @babel/helper-plugin-utils@^7.27.1
199 silly packumentCache full:https://registry.npmjs.org/@babel%2fhelper-plugin-utils cache-miss
200 http fetch GET 200 https://registry.npmjs.org/@babel%2ftypes 977ms (cache miss)
201 silly packumentCache full:https://registry.npmjs.org/@babel%2ftypes set size:undefined disposed:false
202 silly fetch manifest @babel/helper-plugin-utils@^7.27.1
203 silly packumentCache full:https://registry.npmjs.org/@babel%2fhelper-plugin-utils cache-miss
204 http fetch GET 200 https://registry.npmjs.org/convert-source-map 359ms (cache miss)
205 silly packumentCache full:https://registry.npmjs.org/convert-source-map set size:undefined disposed:false
206 silly fetch manifest @babel/types@^7.20.7
207 silly packumentCache full:https://registry.npmjs.org/@babel%2ftypes cache-miss
208 http cache https://registry.npmjs.org/@babel%2ftypes 2ms (cache hit)
209 silly packumentCache full:https://registry.npmjs.org/@babel%2ftypes set size:485839 disposed:false
210 silly fetch manifest @babel/parser@^7.20.7
211 silly packumentCache full:https://registry.npmjs.org/@babel%2fparser cache-miss
212 http cache https://registry.npmjs.org/@babel%2fparser 2ms (cache hit)
213 silly packumentCache full:https://registry.npmjs.org/@babel%2fparser set size:714217 disposed:false
214 silly fetch manifest @types/babel__template@*
215 silly packumentCache full:https://registry.npmjs.org/@types%2fbabel__template cache-miss
216 http fetch GET 200 https://registry.npmjs.org/@jridgewell%2fremapping 361ms (cache miss)
217 silly packumentCache full:https://registry.npmjs.org/@jridgewell%2fremapping set size:undefined disposed:false
218 silly fetch manifest @types/babel__traverse@*
219 silly packumentCache full:https://registry.npmjs.org/@types%2fbabel__traverse cache-miss
220 http fetch GET 200 https://registry.npmjs.org/@babel%2fhelper-compilation-targets 366ms (cache miss)
221 silly packumentCache full:https://registry.npmjs.org/@babel%2fhelper-compilation-targets set size:undefined disposed:false
222 silly fetch manifest @types/babel__generator@*
223 silly packumentCache full:https://registry.npmjs.org/@types%2fbabel__generator cache-miss
224 http fetch GET 200 https://registry.npmjs.org/@babel%2fcode-frame 663ms (cache miss)
225 silly packumentCache full:https://registry.npmjs.org/@babel%2fcode-frame set size:undefined disposed:false
226 http fetch GET 200 https://registry.npmjs.org/@babel%2fhelper-plugin-utils 392ms (cache miss)
227 silly packumentCache full:https://registry.npmjs.org/@babel%2fhelper-plugin-utils set size:undefined disposed:false
228 http fetch GET 200 https://registry.npmjs.org/@babel%2fhelper-module-transforms 523ms (cache miss)
229 silly packumentCache full:https://registry.npmjs.org/@babel%2fhelper-module-transforms set size:undefined disposed:false
230 http fetch GET 200 https://registry.npmjs.org/@babel%2fhelper-plugin-utils 435ms (cache miss)
231 silly packumentCache full:https://registry.npmjs.org/@babel%2fhelper-plugin-utils set size:undefined disposed:false
232 http fetch GET 200 https://registry.npmjs.org/@types%2fbabel__template 360ms (cache miss)
233 silly packumentCache full:https://registry.npmjs.org/@types%2fbabel__template set size:undefined disposed:false
234 http fetch GET 200 https://registry.npmjs.org/@types%2fbabel__traverse 358ms (cache miss)
235 silly packumentCache full:https://registry.npmjs.org/@types%2fbabel__traverse set size:undefined disposed:false
236 http fetch GET 200 https://registry.npmjs.org/@types%2fbabel__generator 363ms (cache miss)
237 silly packumentCache full:https://registry.npmjs.org/@types%2fbabel__generator set size:undefined disposed:false
238 silly fetch manifest @babel/core@^7.0.0
239 silly packumentCache full:https://registry.npmjs.org/@babel%2fcore cache-miss
240 http cache https://registry.npmjs.org/@babel%2fcore 2ms (cache hit)
241 silly packumentCache full:https://registry.npmjs.org/@babel%2fcore set size:756140 disposed:false
242 silly placeDep ROOT @babel/code-frame@7.29.0 OK for: @babel/core@7.29.0 want: ^7.29.0
243 silly placeDep ROOT @babel/generator@7.29.1 OK for: @babel/core@7.29.0 want: ^7.29.0
244 silly placeDep ROOT @babel/helper-compilation-targets@7.28.6 OK for: @babel/core@7.29.0 want: ^7.28.6
245 silly placeDep ROOT @babel/helper-module-transforms@7.28.6 OK for: @babel/core@7.29.0 want: ^7.28.6
246 silly placeDep ROOT @babel/helpers@7.28.6 OK for: @babel/core@7.29.0 want: ^7.28.6
247 silly placeDep ROOT @babel/parser@7.29.0 OK for: @babel/core@7.29.0 want: ^7.29.0
248 silly placeDep ROOT @babel/template@7.28.6 OK for: @babel/core@7.29.0 want: ^7.28.6
249 silly placeDep ROOT @babel/traverse@7.29.0 OK for: @babel/core@7.29.0 want: ^7.29.0
250 silly placeDep ROOT @babel/types@7.29.0 OK for: @babel/core@7.29.0 want: ^7.29.0
251 silly placeDep ROOT @jridgewell/remapping@2.3.5 OK for: @babel/core@7.29.0 want: ^2.3.5
252 silly placeDep ROOT convert-source-map@2.0.0 OK for: @babel/core@7.29.0 want: ^2.0.0
253 silly placeDep ROOT debug@4.4.3 OK for: @babel/core@7.29.0 want: ^4.1.0
254 silly placeDep ROOT gensync@1.0.0-beta.2 OK for: @babel/core@7.29.0 want: ^1.0.0-beta.2
255 silly placeDep ROOT json5@2.2.3 OK for: @babel/core@7.29.0 want: ^2.2.3
256 silly placeDep ROOT semver@6.3.1 OK for: @babel/core@7.29.0 want: ^6.3.1
257 silly fetch manifest js-tokens@^4.0.0
258 silly packumentCache full:https://registry.npmjs.org/js-tokens cache-miss
259 silly fetch manifest picocolors@^1.1.1
260 silly packumentCache full:https://registry.npmjs.org/picocolors cache-miss
261 silly fetch manifest @babel/helper-validator-identifier@^7.28.5
262 silly packumentCache full:https://registry.npmjs.org/@babel%2fhelper-validator-identifier cache-miss
263 silly fetch manifest jsesc@^3.0.2
264 silly packumentCache full:https://registry.npmjs.org/jsesc cache-miss
265 silly fetch manifest @jridgewell/gen-mapping@^0.3.12
266 silly packumentCache full:https://registry.npmjs.org/@jridgewell%2fgen-mapping cache-miss
267 silly fetch manifest @jridgewell/trace-mapping@^0.3.28
268 silly packumentCache full:https://registry.npmjs.org/@jridgewell%2ftrace-mapping cache-miss
269 silly fetch manifest lru-cache@^5.1.1
270 silly packumentCache full:https://registry.npmjs.org/lru-cache cache-miss
271 http fetch GET 200 https://registry.npmjs.org/picocolors 367ms (cache miss)
272 silly packumentCache full:https://registry.npmjs.org/picocolors set size:undefined disposed:false
273 silly fetch manifest browserslist@^4.24.0
274 silly packumentCache full:https://registry.npmjs.org/browserslist cache-miss
275 http fetch GET 200 https://registry.npmjs.org/@jridgewell%2ftrace-mapping 368ms (cache miss)
276 silly packumentCache full:https://registry.npmjs.org/@jridgewell%2ftrace-mapping set size:undefined disposed:false
277 silly fetch manifest @babel/compat-data@^7.28.6
278 silly packumentCache full:https://registry.npmjs.org/@babel%2fcompat-data cache-miss
279 http fetch GET 200 https://registry.npmjs.org/jsesc 376ms (cache miss)
280 silly packumentCache full:https://registry.npmjs.org/jsesc set size:undefined disposed:false
281 silly fetch manifest @babel/helper-validator-option@^7.27.1
282 silly packumentCache full:https://registry.npmjs.org/@babel%2fhelper-validator-option cache-miss
283 http fetch GET 200 https://registry.npmjs.org/@jridgewell%2fgen-mapping 377ms (cache miss)
284 silly packumentCache full:https://registry.npmjs.org/@jridgewell%2fgen-mapping set size:undefined disposed:false
285 silly fetch manifest @babel/traverse@^7.28.6
286 silly packumentCache full:https://registry.npmjs.org/@babel%2ftraverse cache-miss
287 http fetch GET 200 https://registry.npmjs.org/lru-cache 378ms (cache miss)
288 silly packumentCache full:https://registry.npmjs.org/lru-cache set size:undefined disposed:false
289 silly fetch manifest @babel/helper-module-imports@^7.28.6
290 silly packumentCache full:https://registry.npmjs.org/@babel%2fhelper-module-imports cache-miss
291 http cache https://registry.npmjs.org/@babel%2ftraverse 4ms (cache hit)
292 silly packumentCache full:https://registry.npmjs.org/@babel%2ftraverse set size:546499 disposed:false
293 silly fetch manifest @babel/helper-validator-identifier@^7.28.5
294 silly packumentCache full:https://registry.npmjs.org/@babel%2fhelper-validator-identifier cache-miss
295 http fetch GET 200 https://registry.npmjs.org/js-tokens 397ms (cache miss)
296 silly packumentCache full:https://registry.npmjs.org/js-tokens set size:undefined disposed:false
297 silly fetch manifest @babel/types@^7.28.6
298 silly packumentCache full:https://registry.npmjs.org/@babel%2ftypes cache-hit
299 silly fetch manifest debug@^4.3.1
300 silly packumentCache full:https://registry.npmjs.org/debug cache-miss
301 http cache https://registry.npmjs.org/debug 1ms (cache hit)
302 silly packumentCache full:https://registry.npmjs.org/debug set size:195840 disposed:false
303 silly fetch manifest @babel/helper-globals@^7.28.0
304 silly packumentCache full:https://registry.npmjs.org/@babel%2fhelper-globals cache-miss
305 http fetch GET 200 https://registry.npmjs.org/@babel%2fhelper-validator-identifier 408ms (cache miss)
306 silly packumentCache full:https://registry.npmjs.org/@babel%2fhelper-validator-identifier set size:undefined disposed:false
307 silly fetch manifest @babel/helper-string-parser@^7.27.1
308 silly packumentCache full:https://registry.npmjs.org/@babel%2fhelper-string-parser cache-miss
309 http fetch GET 200 https://registry.npmjs.org/@babel%2fcompat-data 381ms (cache miss)
310 silly packumentCache full:https://registry.npmjs.org/@babel%2fcompat-data set size:undefined disposed:false
311 silly fetch manifest @jridgewell/gen-mapping@^0.3.5
312 silly packumentCache full:https://registry.npmjs.org/@jridgewell%2fgen-mapping cache-miss
313 http fetch GET 200 https://registry.npmjs.org/@babel%2fhelper-validator-identifier 372ms (cache miss)
314 silly packumentCache full:https://registry.npmjs.org/@babel%2fhelper-validator-identifier set size:undefined disposed:false
315 silly fetch manifest @jridgewell/trace-mapping@^0.3.24
316 silly packumentCache full:https://registry.npmjs.org/@jridgewell%2ftrace-mapping cache-miss
317 http cache https://registry.npmjs.org/@jridgewell%2fgen-mapping 3ms (cache hit)
318 silly packumentCache full:https://registry.npmjs.org/@jridgewell%2fgen-mapping set size:80719 disposed:false
319 silly fetch manifest ms@^2.1.3
320 silly packumentCache full:https://registry.npmjs.org/ms cache-miss
321 http cache https://registry.npmjs.org/@jridgewell%2ftrace-mapping 2ms (cache hit)
322 silly packumentCache full:https://registry.npmjs.org/@jridgewell%2ftrace-mapping set size:170909 disposed:false
323 http fetch GET 200 https://registry.npmjs.org/@babel%2fhelper-validator-option 383ms (cache miss)
324 silly packumentCache full:https://registry.npmjs.org/@babel%2fhelper-validator-option set size:undefined disposed:false
325 http fetch GET 200 https://registry.npmjs.org/@babel%2fhelper-globals 363ms (cache miss)
326 silly packumentCache full:https://registry.npmjs.org/@babel%2fhelper-globals set size:undefined disposed:false
327 http fetch GET 200 https://registry.npmjs.org/browserslist 395ms (cache miss)
328 silly packumentCache full:https://registry.npmjs.org/browserslist set size:undefined disposed:false
329 http fetch GET 200 https://registry.npmjs.org/@babel%2fhelper-string-parser 388ms (cache miss)
330 silly packumentCache full:https://registry.npmjs.org/@babel%2fhelper-string-parser set size:undefined disposed:false
331 http fetch GET 200 https://registry.npmjs.org/@babel%2fhelper-module-imports 434ms (cache miss)
332 silly packumentCache full:https://registry.npmjs.org/@babel%2fhelper-module-imports set size:undefined disposed:false
333 http fetch GET 200 https://registry.npmjs.org/ms 400ms (cache miss)
334 silly packumentCache full:https://registry.npmjs.org/ms set size:undefined disposed:false
335 silly placeDep ROOT @babel/helper-validator-identifier@7.28.5 OK for: @babel/code-frame@7.29.0 want: ^7.28.5
336 silly placeDep ROOT js-tokens@4.0.0 OK for: @babel/code-frame@7.29.0 want: ^4.0.0
337 silly placeDep ROOT picocolors@1.1.1 OK for: @babel/code-frame@7.29.0 want: ^1.1.1
338 silly placeDep ROOT @jridgewell/gen-mapping@0.3.13 OK for: @babel/generator@7.29.1 want: ^0.3.12
339 silly placeDep ROOT @jridgewell/trace-mapping@0.3.31 OK for: @babel/generator@7.29.1 want: ^0.3.28
340 silly placeDep ROOT jsesc@3.1.0 OK for: @babel/generator@7.29.1 want: ^3.0.2
341 silly fetch manifest @jridgewell/sourcemap-codec@^1.5.0
342 silly packumentCache full:https://registry.npmjs.org/@jridgewell%2fsourcemap-codec cache-miss
343 silly fetch manifest @jridgewell/resolve-uri@^3.1.0
344 silly packumentCache full:https://registry.npmjs.org/@jridgewell%2fresolve-uri cache-miss
345 silly fetch manifest @jridgewell/sourcemap-codec@^1.4.14
346 silly packumentCache full:https://registry.npmjs.org/@jridgewell%2fsourcemap-codec cache-miss
347 http fetch GET 200 https://registry.npmjs.org/@jridgewell%2fsourcemap-codec 410ms (cache miss)
348 silly packumentCache full:https://registry.npmjs.org/@jridgewell%2fsourcemap-codec set size:undefined disposed:false
349 http fetch GET 200 https://registry.npmjs.org/@jridgewell%2fresolve-uri 411ms (cache miss)
350 silly packumentCache full:https://registry.npmjs.org/@jridgewell%2fresolve-uri set size:undefined disposed:false
351 http fetch GET 200 https://registry.npmjs.org/@jridgewell%2fsourcemap-codec 413ms (cache miss)
352 silly packumentCache full:https://registry.npmjs.org/@jridgewell%2fsourcemap-codec set size:undefined disposed:false
353 silly placeDep ROOT @babel/compat-data@7.29.0 OK for: @babel/helper-compilation-targets@7.28.6 want: ^7.28.6
354 silly placeDep ROOT @babel/helper-validator-option@7.27.1 OK for: @babel/helper-compilation-targets@7.28.6 want: ^7.27.1
355 silly placeDep ROOT browserslist@4.28.1 OK for: @babel/helper-compilation-targets@7.28.6 want: ^4.24.0
356 silly placeDep ROOT lru-cache@5.1.1 OK for: @babel/helper-compilation-targets@7.28.6 want: ^5.1.1
357 silly fetch manifest baseline-browser-mapping@^2.9.0
358 silly packumentCache full:https://registry.npmjs.org/baseline-browser-mapping cache-miss
359 silly fetch manifest caniuse-lite@^1.0.30001759
360 silly packumentCache full:https://registry.npmjs.org/caniuse-lite cache-miss
361 silly fetch manifest electron-to-chromium@^1.5.263
362 silly packumentCache full:https://registry.npmjs.org/electron-to-chromium cache-miss
363 silly fetch manifest node-releases@^2.0.27
364 silly packumentCache full:https://registry.npmjs.org/node-releases cache-miss
365 silly fetch manifest update-browserslist-db@^1.2.0
366 silly packumentCache full:https://registry.npmjs.org/update-browserslist-db cache-miss
367 silly fetch manifest yallist@^3.0.2
368 silly packumentCache full:https://registry.npmjs.org/yallist cache-miss
369 http fetch GET 200 https://registry.npmjs.org/node-releases 410ms (cache miss)
370 silly packumentCache full:https://registry.npmjs.org/node-releases set size:undefined disposed:false
371 http fetch GET 200 https://registry.npmjs.org/update-browserslist-db 410ms (cache miss)
372 silly packumentCache full:https://registry.npmjs.org/update-browserslist-db set size:undefined disposed:false
373 http fetch GET 200 https://registry.npmjs.org/yallist 411ms (cache miss)
374 silly packumentCache full:https://registry.npmjs.org/yallist set size:undefined disposed:false
375 http fetch GET 200 https://registry.npmjs.org/baseline-browser-mapping 415ms (cache miss)
376 silly packumentCache full:https://registry.npmjs.org/baseline-browser-mapping set size:undefined disposed:false
377 http fetch GET 200 https://registry.npmjs.org/caniuse-lite 1239ms (cache miss)
378 silly packumentCache full:https://registry.npmjs.org/caniuse-lite set size:undefined disposed:false
379 http fetch GET 200 https://registry.npmjs.org/electron-to-chromium 1539ms (cache miss)
380 silly packumentCache full:https://registry.npmjs.org/electron-to-chromium set size:undefined disposed:false
381 silly placeDep ROOT @babel/helper-module-imports@7.28.6 OK for: @babel/helper-module-transforms@7.28.6 want: ^7.28.6
382 silly placeDep ROOT @babel/helper-plugin-utils@7.28.6 OK for: @babel/plugin-transform-react-jsx-self@7.27.1 want: ^7.27.1
383 silly placeDep ROOT @babel/helper-globals@7.28.0 OK for: @babel/traverse@7.29.0 want: ^7.28.0
384 silly placeDep ROOT @babel/helper-string-parser@7.27.1 OK for: @babel/types@7.29.0 want: ^7.27.1
385 silly placeDep ROOT @jridgewell/sourcemap-codec@1.5.5 OK for: @jridgewell/gen-mapping@0.3.13 want: ^1.5.0
386 silly placeDep ROOT @jridgewell/resolve-uri@3.1.2 OK for: @jridgewell/trace-mapping@0.3.31 want: ^3.1.0
387 silly placeDep ROOT @types/babel__generator@7.27.0 OK for: @types/babel__core@7.20.5 want: *
388 silly placeDep ROOT @types/babel__template@7.4.4 OK for: @types/babel__core@7.20.5 want: *
389 silly placeDep ROOT @types/babel__traverse@7.28.0 OK for: @types/babel__core@7.20.5 want: *
390 silly fetch manifest browserslist@>= 4.21.0
391 silly packumentCache full:https://registry.npmjs.org/browserslist cache-miss
392 http cache https://registry.npmjs.org/browserslist 3ms (cache hit)
393 silly packumentCache full:https://registry.npmjs.org/browserslist set size:502989 disposed:false
394 silly placeDep ROOT baseline-browser-mapping@2.10.0 OK for: browserslist@4.28.1 want: ^2.9.0
395 silly placeDep ROOT caniuse-lite@1.0.30001775 OK for: browserslist@4.28.1 want: ^1.0.30001759
396 silly placeDep ROOT electron-to-chromium@1.5.302 OK for: browserslist@4.28.1 want: ^1.5.263
397 silly placeDep ROOT node-releases@2.0.27 OK for: browserslist@4.28.1 want: ^2.0.27
398 silly placeDep ROOT update-browserslist-db@1.2.3 OK for: browserslist@4.28.1 want: ^1.2.0
399 silly fetch manifest escalade@^3.2.0
400 silly packumentCache full:https://registry.npmjs.org/escalade cache-miss
401 http fetch GET 200 https://registry.npmjs.org/escalade 398ms (cache miss)
402 silly packumentCache full:https://registry.npmjs.org/escalade set size:undefined disposed:false
403 silly placeDep ROOT ms@2.1.3 OK for: debug@4.4.3 want: ^2.1.3
404 silly placeDep ROOT yallist@3.1.1 OK for: lru-cache@5.1.1 want: ^3.0.2
405 silly placeDep ROOT loose-envify@1.4.0 OK for: react@18.3.1 want: ^1.1.0
406 silly placeDep ROOT scheduler@0.23.2 OK for: react-dom@18.3.1 want: ^0.23.2
407 silly placeDep ROOT escalade@3.2.0 OK for: update-browserslist-db@1.2.3 want: ^3.2.0
408 silly placeDep ROOT esbuild@0.21.5 OK for: vite@5.4.21 want: ^0.21.3
409 silly placeDep ROOT fsevents@2.3.3 OK for: vite@5.4.21 want: ~2.3.3
410 silly placeDep ROOT postcss@8.5.6 OK for: vite@5.4.21 want: ^8.4.43
411 silly placeDep ROOT rollup@4.59.0 OK for: vite@5.4.21 want: ^4.20.0
412 silly fetch manifest @esbuild/aix-ppc64@0.21.5
413 silly packumentCache full:https://registry.npmjs.org/@esbuild%2faix-ppc64 cache-miss
414 silly fetch manifest @esbuild/linux-arm@0.21.5
415 silly packumentCache full:https://registry.npmjs.org/@esbuild%2flinux-arm cache-miss
416 silly fetch manifest @esbuild/linux-x64@0.21.5
417 silly packumentCache full:https://registry.npmjs.org/@esbuild%2flinux-x64 cache-miss
418 silly fetch manifest @esbuild/sunos-x64@0.21.5
419 silly packumentCache full:https://registry.npmjs.org/@esbuild%2fsunos-x64 cache-miss
420 silly fetch manifest @esbuild/win32-x64@0.21.5
421 silly packumentCache full:https://registry.npmjs.org/@esbuild%2fwin32-x64 cache-miss
422 silly fetch manifest @esbuild/darwin-x64@0.21.5
423 silly packumentCache full:https://registry.npmjs.org/@esbuild%2fdarwin-x64 cache-miss
424 silly fetch manifest @esbuild/linux-ia32@0.21.5
425 silly packumentCache full:https://registry.npmjs.org/@esbuild%2flinux-ia32 cache-miss
426 http fetch GET 200 https://registry.npmjs.org/@esbuild%2faix-ppc64 373ms (cache miss)
427 silly packumentCache full:https://registry.npmjs.org/@esbuild%2faix-ppc64 set size:undefined disposed:false
428 silly fetch manifest @esbuild/netbsd-x64@0.21.5
429 silly packumentCache full:https://registry.npmjs.org/@esbuild%2fnetbsd-x64 cache-miss
430 http fetch GET 200 https://registry.npmjs.org/@esbuild%2flinux-arm 377ms (cache miss)
431 silly packumentCache full:https://registry.npmjs.org/@esbuild%2flinux-arm set size:undefined disposed:false
432 silly fetch manifest @esbuild/win32-ia32@0.21.5
433 silly packumentCache full:https://registry.npmjs.org/@esbuild%2fwin32-ia32 cache-miss
434 http fetch GET 200 https://registry.npmjs.org/@esbuild%2fdarwin-x64 379ms (cache miss)
435 silly packumentCache full:https://registry.npmjs.org/@esbuild%2fdarwin-x64 set size:undefined disposed:false
436 silly fetch manifest @esbuild/android-arm@0.21.5
437 silly packumentCache full:https://registry.npmjs.org/@esbuild%2fandroid-arm cache-miss
438 http fetch GET 200 https://registry.npmjs.org/@esbuild%2fsunos-x64 389ms (cache miss)
439 silly packumentCache full:https://registry.npmjs.org/@esbuild%2fsunos-x64 set size:undefined disposed:false
440 silly fetch manifest @esbuild/android-x64@0.21.5
441 silly packumentCache full:https://registry.npmjs.org/@esbuild%2fandroid-x64 cache-miss
442 http fetch GET 200 https://registry.npmjs.org/@esbuild%2flinux-x64 398ms (cache miss)
443 silly packumentCache full:https://registry.npmjs.org/@esbuild%2flinux-x64 set size:undefined disposed:false
444 silly fetch manifest @esbuild/freebsd-x64@0.21.5
445 silly packumentCache full:https://registry.npmjs.org/@esbuild%2ffreebsd-x64 cache-miss
446 http fetch GET 200 https://registry.npmjs.org/@esbuild%2fwin32-x64 400ms (cache miss)
447 silly packumentCache full:https://registry.npmjs.org/@esbuild%2fwin32-x64 set size:undefined disposed:false
448 silly fetch manifest @esbuild/linux-arm64@0.21.5
449 silly packumentCache full:https://registry.npmjs.org/@esbuild%2flinux-arm64 cache-miss
450 http fetch GET 200 https://registry.npmjs.org/@esbuild%2flinux-ia32 602ms (cache miss)
451 silly packumentCache full:https://registry.npmjs.org/@esbuild%2flinux-ia32 set size:undefined disposed:false
452 silly fetch manifest @esbuild/linux-ppc64@0.21.5
453 silly packumentCache full:https://registry.npmjs.org/@esbuild%2flinux-ppc64 cache-miss
454 http fetch GET 200 https://registry.npmjs.org/@esbuild%2fnetbsd-x64 356ms (cache miss)
455 silly packumentCache full:https://registry.npmjs.org/@esbuild%2fnetbsd-x64 set size:undefined disposed:false
456 silly fetch manifest @esbuild/linux-s390x@0.21.5
457 silly packumentCache full:https://registry.npmjs.org/@esbuild%2flinux-s390x cache-miss
458 http fetch GET 200 https://registry.npmjs.org/@esbuild%2fandroid-arm 380ms (cache miss)
459 silly packumentCache full:https://registry.npmjs.org/@esbuild%2fandroid-arm set size:undefined disposed:false
460 silly fetch manifest @esbuild/openbsd-x64@0.21.5
461 silly packumentCache full:https://registry.npmjs.org/@esbuild%2fopenbsd-x64 cache-miss
462 http fetch GET 200 https://registry.npmjs.org/@esbuild%2fwin32-ia32 384ms (cache miss)
463 silly packumentCache full:https://registry.npmjs.org/@esbuild%2fwin32-ia32 set size:undefined disposed:false
464 silly fetch manifest @esbuild/win32-arm64@0.21.5
465 silly packumentCache full:https://registry.npmjs.org/@esbuild%2fwin32-arm64 cache-miss
466 http fetch GET 200 https://registry.npmjs.org/@esbuild%2fandroid-x64 382ms (cache miss)
467 silly packumentCache full:https://registry.npmjs.org/@esbuild%2fandroid-x64 set size:undefined disposed:false
468 silly fetch manifest @esbuild/darwin-arm64@0.21.5
469 silly packumentCache full:https://registry.npmjs.org/@esbuild%2fdarwin-arm64 cache-miss
470 http fetch GET 200 https://registry.npmjs.org/@esbuild%2flinux-arm64 380ms (cache miss)
471 silly packumentCache full:https://registry.npmjs.org/@esbuild%2flinux-arm64 set size:undefined disposed:false
472 silly fetch manifest @esbuild/android-arm64@0.21.5
473 silly packumentCache full:https://registry.npmjs.org/@esbuild%2fandroid-arm64 cache-miss
474 http fetch GET 200 https://registry.npmjs.org/@esbuild%2ffreebsd-x64 401ms (cache miss)
475 silly packumentCache full:https://registry.npmjs.org/@esbuild%2ffreebsd-x64 set size:undefined disposed:false
476 silly fetch manifest @esbuild/freebsd-arm64@0.21.5
477 silly packumentCache full:https://registry.npmjs.org/@esbuild%2ffreebsd-arm64 cache-miss
478 http fetch GET 200 https://registry.npmjs.org/@esbuild%2flinux-s390x 369ms (cache miss)
479 silly packumentCache full:https://registry.npmjs.org/@esbuild%2flinux-s390x set size:undefined disposed:false
480 silly fetch manifest @esbuild/linux-loong64@0.21.5
481 silly packumentCache full:https://registry.npmjs.org/@esbuild%2flinux-loong64 cache-miss
482 http fetch GET 200 https://registry.npmjs.org/@esbuild%2fopenbsd-x64 372ms (cache miss)
483 silly packumentCache full:https://registry.npmjs.org/@esbuild%2fopenbsd-x64 set size:undefined disposed:false
484 silly fetch manifest @esbuild/linux-riscv64@0.21.5
485 silly packumentCache full:https://registry.npmjs.org/@esbuild%2flinux-riscv64 cache-miss
486 http fetch GET 200 https://registry.npmjs.org/@esbuild%2flinux-ppc64 537ms (cache miss)
487 silly packumentCache full:https://registry.npmjs.org/@esbuild%2flinux-ppc64 set size:undefined disposed:false
488 silly fetch manifest @esbuild/linux-mips64el@0.21.5
489 silly packumentCache full:https://registry.npmjs.org/@esbuild%2flinux-mips64el cache-miss
490 http fetch GET 200 https://registry.npmjs.org/@esbuild%2fwin32-arm64 378ms (cache miss)
491 silly packumentCache full:https://registry.npmjs.org/@esbuild%2fwin32-arm64 set size:undefined disposed:false
492 silly fetch manifest nanoid@^3.3.11
493 silly packumentCache full:https://registry.npmjs.org/nanoid cache-miss
494 http fetch GET 200 https://registry.npmjs.org/@esbuild%2fdarwin-arm64 395ms (cache miss)
495 silly packumentCache full:https://registry.npmjs.org/@esbuild%2fdarwin-arm64 set size:undefined disposed:false
496 silly fetch manifest source-map-js@^1.2.1
497 silly packumentCache full:https://registry.npmjs.org/source-map-js cache-miss
498 http fetch GET 200 https://registry.npmjs.org/@esbuild%2fandroid-arm64 392ms (cache miss)
499 silly packumentCache full:https://registry.npmjs.org/@esbuild%2fandroid-arm64 set size:undefined disposed:false
500 silly fetch manifest @types/estree@1.0.8
501 silly packumentCache full:https://registry.npmjs.org/@types%2festree cache-miss
502 http fetch GET 200 https://registry.npmjs.org/@esbuild%2ffreebsd-arm64 409ms (cache miss)
503 silly packumentCache full:https://registry.npmjs.org/@esbuild%2ffreebsd-arm64 set size:undefined disposed:false
504 silly fetch manifest @rollup/rollup-darwin-arm64@4.59.0
505 silly packumentCache full:https://registry.npmjs.org/@rollup%2frollup-darwin-arm64 cache-miss
506 http fetch GET 200 https://registry.npmjs.org/@esbuild%2flinux-loong64 375ms (cache miss)
507 silly packumentCache full:https://registry.npmjs.org/@esbuild%2flinux-loong64 set size:undefined disposed:false
508 silly fetch manifest @rollup/rollup-android-arm64@4.59.0
509 silly packumentCache full:https://registry.npmjs.org/@rollup%2frollup-android-arm64 cache-miss
510 http fetch GET 200 https://registry.npmjs.org/@esbuild%2flinux-mips64el 378ms (cache miss)
511 silly packumentCache full:https://registry.npmjs.org/@esbuild%2flinux-mips64el set size:undefined disposed:false
512 silly fetch manifest @rollup/rollup-win32-arm64-msvc@4.59.0
513 silly packumentCache full:https://registry.npmjs.org/@rollup%2frollup-win32-arm64-msvc cache-miss
514 http fetch GET 200 https://registry.npmjs.org/@types%2festree 363ms (cache miss)
515 silly packumentCache full:https://registry.npmjs.org/@types%2festree set size:undefined disposed:false
516 silly fetch manifest @rollup/rollup-freebsd-arm64@4.59.0
517 silly packumentCache full:https://registry.npmjs.org/@rollup%2frollup-freebsd-arm64 cache-miss
518 http fetch GET 200 https://registry.npmjs.org/@esbuild%2flinux-riscv64 412ms (cache miss)
519 silly packumentCache full:https://registry.npmjs.org/@esbuild%2flinux-riscv64 set size:undefined disposed:false
520 silly fetch manifest @rollup/rollup-linux-arm64-gnu@4.59.0
521 silly packumentCache full:https://registry.npmjs.org/@rollup%2frollup-linux-arm64-gnu cache-miss
522 http fetch GET 200 https://registry.npmjs.org/source-map-js 379ms (cache miss)
523 silly packumentCache full:https://registry.npmjs.org/source-map-js set size:undefined disposed:false
524 silly fetch manifest @rollup/rollup-linux-arm64-musl@4.59.0
525 silly packumentCache full:https://registry.npmjs.org/@rollup%2frollup-linux-arm64-musl cache-miss
526 http fetch GET 200 https://registry.npmjs.org/@rollup%2frollup-darwin-arm64 409ms (cache miss)
527 silly packumentCache full:https://registry.npmjs.org/@rollup%2frollup-darwin-arm64 set size:undefined disposed:false
528 silly fetch manifest @rollup/rollup-android-arm-eabi@4.59.0
529 silly packumentCache full:https://registry.npmjs.org/@rollup%2frollup-android-arm-eabi cache-miss
530 http fetch GET 200 https://registry.npmjs.org/nanoid 604ms (cache miss)
531 silly packumentCache full:https://registry.npmjs.org/nanoid set size:undefined disposed:false
532 silly fetch manifest @rollup/rollup-linux-arm-gnueabihf@4.59.0
533 silly packumentCache full:https://registry.npmjs.org/@rollup%2frollup-linux-arm-gnueabihf cache-miss
534 http fetch GET 200 https://registry.npmjs.org/@rollup%2frollup-android-arm64 355ms (cache miss)
535 silly packumentCache full:https://registry.npmjs.org/@rollup%2frollup-android-arm64 set size:undefined disposed:false
536 silly fetch manifest @rollup/rollup-linux-arm-musleabihf@4.59.0
537 silly packumentCache full:https://registry.npmjs.org/@rollup%2frollup-linux-arm-musleabihf cache-miss
538 http fetch GET 200 https://registry.npmjs.org/@rollup%2frollup-win32-arm64-msvc 375ms (cache miss)
539 silly packumentCache full:https://registry.npmjs.org/@rollup%2frollup-win32-arm64-msvc set size:undefined disposed:false
540 silly fetch manifest @rollup/rollup-win32-ia32-msvc@4.59.0
541 silly packumentCache full:https://registry.npmjs.org/@rollup%2frollup-win32-ia32-msvc cache-miss
542 http fetch GET 200 https://registry.npmjs.org/@rollup%2frollup-freebsd-arm64 372ms (cache miss)
543 silly packumentCache full:https://registry.npmjs.org/@rollup%2frollup-freebsd-arm64 set size:undefined disposed:false
544 silly fetch manifest @rollup/rollup-linux-loong64-gnu@4.59.0
545 silly packumentCache full:https://registry.npmjs.org/@rollup%2frollup-linux-loong64-gnu cache-miss
546 http fetch GET 200 https://registry.npmjs.org/@rollup%2frollup-linux-arm64-musl 385ms (cache miss)
547 silly packumentCache full:https://registry.npmjs.org/@rollup%2frollup-linux-arm64-musl set size:undefined disposed:false
548 silly fetch manifest @rollup/rollup-linux-loong64-musl@4.59.0
549 silly packumentCache full:https://registry.npmjs.org/@rollup%2frollup-linux-loong64-musl cache-miss
550 http fetch GET 200 https://registry.npmjs.org/@rollup%2frollup-android-arm-eabi 427ms (cache miss)
551 silly packumentCache full:https://registry.npmjs.org/@rollup%2frollup-android-arm-eabi set size:undefined disposed:false
552 silly fetch manifest @rollup/rollup-linux-riscv64-gnu@4.59.0
553 silly packumentCache full:https://registry.npmjs.org/@rollup%2frollup-linux-riscv64-gnu cache-miss
